[2018-12-07 13:41:06] development.ERROR: October\Rain\Exception\SystemException: Class name is not registered for the component "products". Check the component plugin. in /Users/nhakho/www/nhakho.vn/modules/cms/Classes/ComponentManager.php:200
Stack trace:
#0 /Users/nhakho/www/nhakho.vn/modules/cms/Classes/Controller.php(1263): Cms\Classes\ComponentManager->makeComponent('products', Object(Cms5c0a7872ba940532185858_3595d2fb7faa2bc04e70507410a0b95dClass), Array)
#1 /Users/nhakho/www/nhakho.vn/modules/cms/Classes/Controller.php(552): Cms\Classes\Controller->addComponent('products', 'products', Array)
#2 /Users/nhakho/www/nhakho.vn/modules/cms/Classes/Controller.php(297): Cms\Classes\Controller->initComponents()
#3 /Users/nhakho/www/nhakho.vn/modules/cms/Classes/Controller.php(206): Cms\Classes\Controller->runPage(Object(Cms\Classes\Page))
#4 /Users/nhakho/www/nhakho.vn/modules/cms/Classes/CmsController.php(50): Cms\Classes\Controller->run('/')
#5 [internal function]: Cms\Classes\CmsController->run('/')
#6 /Users/nhakho/www/nhakho.vn/vendor/laravel/framework/src/Illuminate/Routing/Controller.php(54): call_user_func_array(Array, Array)
#7 /Users/nhakho/www/nhakho.vn/vendor/laravel/framework/src/Illuminate/Routing/ControllerDispatcher.php(45): Illuminate\Routing\Controller->callAction('run', Array)
#8 /Users/nhakho/www/nhakho.vn/vendor/laravel/framework/src/Illuminate/Routing/Route.php(212): Illuminate\Routing\ControllerDispatcher->dispatch(Object(Illuminate\Routing\Route), Object(Cms\Classes\CmsController), 'run')
#9 /Users/nhakho/www/nhakho.vn/vendor/laravel/framework/src/Illuminate/Routing/Route.php(169): Illuminate\Routing\Route->runController()
#10 /Users/nhakho/www/nhakho.vn/vendor/laravel/framework/src/Illuminate/Routing/Router.php(658): Illuminate\Routing\Route->run()
#11 /Users/nhakho/www/nhakho.vn/vendor/laravel/framework/src/Illuminate/Routing/Pipeline.php(30): Illuminate\Routing\Router->Illuminate\Routing\{closure}(Object(Illuminate\Http\Request))
#12 /Users/nhakho/www/nhakho.vn/vendor/laravel/framework/src/Illuminate/Routing/Middleware/SubstituteBindings.php(41): Illuminate\Routing\Pipeline->Illuminate\Routing\{closure}(Object(Illuminate\Http\Request))
#13 /Users/nhakho/www/nhakho.vn/vendor/laravel/framework/src/Illuminate/Pipeline/Pipeline.php(149): Illuminate\Routing\Middleware\SubstituteBindings->handle(Object(Illuminate\Http\Request), Object(Closure))
#14 /Users/nhakho/www/nhakho.vn/vendor/laravel/framework/src/Illuminate/Routing/Pipeline.php(53): Illuminate\Pipeline\Pipeline->Illuminate\Pipeline\{closure}(Object(Illuminate\Http\Request))
#15 /Users/nhakho/www/nhakho.vn/vendor/laravel/framework/src/Illuminate/View/Middleware/ShareErrorsFromSession.php(49): Illuminate\Routing\Pipeline->Illuminate\Routing\{closure}(Object(Illuminate\Http\Request))
#16 /Users/nhakho/www/nhakho.vn/vendor/laravel/framework/src/Illuminate/Pipeline/Pipeline.php(149): Illuminate\View\Middleware\ShareErrorsFromSession->handle(Object(Illuminate\Http\Request), Object(Closure))
#17 /Users/nhakho/www/nhakho.vn/vendor/laravel/framework/src/Illuminate/Routing/Pipeline.php(53): Illuminate\Pipeline\Pipeline->Illuminate\Pipeline\{closure}(Object(Illuminate\Http\Request))
#18 /Users/nhakho/www/nhakho.vn/vendor/laravel/framework/src/Illuminate/Session/Middleware/StartSession.php(63): Illuminate\Routing\Pipeline->Illuminate\Routing\{closure}(Object(Illuminate\Http\Request))
#19 /Users/nhakho/www/nhakho.vn/vendor/laravel/framework/src/Illuminate/Pipeline/Pipeline.php(149): Illuminate\Session\Middleware\StartSession->handle(Object(Illuminate\Http\Request), Object(Closure))
#20 /Users/nhakho/www/nhakho.vn/vendor/laravel/framework/src/Illuminate/Routing/Pipeline.php(53): Illuminate\Pipeline\Pipeline->Illuminate\Pipeline\{closure}(Object(Illuminate\Http\Request))
#21 /Users/nhakho/www/nhakho.vn/vendor/laravel/framework/src/Illuminate/Cookie/Middleware/AddQueuedCookiesToResponse.php(37): Illuminate\Routing\Pipeline->Illuminate\Routing\{closure}(Object(Illuminate\Http\Request))
#22 /Users/nhakho/www/nhakho.vn/vendor/laravel/framework/src/Illuminate/Pipeline/Pipeline.php(149): Illuminate\Cookie\Middleware\AddQueuedCookiesToResponse->handle(Object(Illuminate\Http\Request), Object(Closure))
#23 /Users/nhakho/www/nhakho.vn/vendor/laravel/framework/src/Illuminate/Routing/Pipeline.php(53): Illuminate\Pipeline\Pipeline->Illuminate\Pipeline\{closure}(Object(Illuminate\Http\Request))
#24 /Users/nhakho/www/nhakho.vn/vendor/laravel/framework/src/Illuminate/Cookie/Middleware/EncryptCookies.php(66): Illuminate\Routing\Pipeline->Illuminate\Routing\{closure}(Object(Illuminate\Http\Request))
#25 /Users/nhakho/www/nhakho.vn/vendor/laravel/framework/src/Illuminate/Pipeline/Pipeline.php(149): Illuminate\Cookie\Middleware\EncryptCookies->handle(Object(Illuminate\Http\Request), Object(Closure))
#26 /Users/nhakho/www/nhakho.vn/vendor/laravel/framework/src/Illuminate/Routing/Pipeline.php(53): Illuminate\Pipeline\Pipeline->Illuminate\Pipeline\{closure}(Object(Illuminate\Http\Request))
#27 /Users/nhakho/www/nhakho.vn/vendor/laravel/framework/src/Illuminate/Pipeline/Pipeline.php(102): Illuminate\Routing\Pipeline->Illuminate\Routing\{closure}(Object(Illuminate\Http\Request))
#28 /Users/nhakho/www/nhakho.vn/vendor/laravel/framework/src/Illuminate/Routing/Router.php(660): Illuminate\Pipeline\Pipeline->then(Object(Closure))
#29 /Users/nhakho/www/nhakho.vn/vendor/laravel/framework/src/Illuminate/Routing/Router.php(635): Illuminate\Routing\Router->runRouteWithinStack(Object(Illuminate\Routing\Route), Object(Illuminate\Http\Request))
#30 /Users/nhakho/www/nhakho.vn/vendor/laravel/framework/src/Illuminate/Routing/Router.php(601): Illuminate\Routing\Router->runRoute(Object(Illuminate\Http\Request), Object(Illuminate\Routing\Route))
#31 /Users/nhakho/www/nhakho.vn/vendor/october/rain/src/Router/CoreRouter.php(20): Illuminate\Routing\Router->dispatchToRoute(Object(Illuminate\Http\Request))
#32 /Users/nhakho/www/nhakho.vn/vendor/laravel/framework/src/Illuminate/Foundation/Http/Kernel.php(176): October\Rain\Router\CoreRouter->dispatch(Object(Illuminate\Http\Request))
#33 /Users/nhakho/www/nhakho.vn/vendor/laravel/framework/src/Illuminate/Routing/Pipeline.php(30): Illuminate\Foundation\Http\Kernel->Illuminate\Foundation\Http\{closure}(Object(Illuminate\Http\Request))
#34 /Users/nhakho/www/nhakho.vn/vendor/laravel/framework/src/Illuminate/Foundation/Http/Middleware/CheckForMaintenanceMode.php(46): Illuminate\Routing\Pipeline->Illuminate\Routing\{closure}(Object(Illuminate\Http\Request))
#35 /Users/nhakho/www/nhakho.vn/vendor/laravel/framework/src/Illuminate/Pipeline/Pipeline.php(149): Illuminate\Foundation\Http\Middleware\CheckForMaintenanceMode->handle(Object(Illuminate\Http\Request), Object(Closure))
#36 /Users/nhakho/www/nhakho.vn/vendor/laravel/framework/src/Illuminate/Routing/Pipeline.php(53): Illuminate\Pipeline\Pipeline->Illuminate\Pipeline\{closure}(Object(Illuminate\Http\Request))
#37 /Users/nhakho/www/nhakho.vn/vendor/laravel/framework/src/Illuminate/Pipeline/Pipeline.php(102): Illuminate\Routing\Pipeline->Illuminate\Routing\{closure}(Object(Illuminate\Http\Request))
#38 /Users/nhakho/www/nhakho.vn/vendor/laravel/framework/src/Illuminate/Foundation/Http/Kernel.php(151): Illuminate\Pipeline\Pipeline->then(Object(Closure))
#39 /Users/nhakho/www/nhakho.vn/vendor/laravel/framework/src/Illuminate/Foundation/Http/Kernel.php(116): Illuminate\Foundation\Http\Kernel->sendRequestThroughRouter(Object(Illuminate\Http\Request))
#40 /Users/nhakho/www/nhakho.vn/index.php(43): Illuminate\Foundation\Http\Kernel->handle(Object(Illuminate\Http\Request))
#41 {main}  
[2018-12-07 13:42:17] development.ERROR: October\Rain\Exception\SystemException: Class name is not registered for the component "products". Check the component plugin. in /Users/nhakho/www/nhakho.vn/modules/cms/Classes/ComponentManager.php:200
Stack trace:
#0 /Users/nhakho/www/nhakho.vn/modules/cms/Classes/Controller.php(1263): Cms\Classes\ComponentManager->makeComponent('products', Object(Cms5c0a78b962b37492242126_90ddd6ee001454ce880a6faaf7842858Class), Array)
#1 /Users/nhakho/www/nhakho.vn/modules/cms/Classes/Controller.php(552): Cms\Classes\Controller->addComponent('products', 'products', Array)
#2 /Users/nhakho/www/nhakho.vn/modules/cms/Classes/Controller.php(297): Cms\Classes\Controller->initComponents()
#3 /Users/nhakho/www/nhakho.vn/modules/cms/Classes/Controller.php(206): Cms\Classes\Controller->runPage(Object(Cms\Classes\Page))
#4 /Users/nhakho/www/nhakho.vn/modules/cms/Classes/CmsController.php(50): Cms\Classes\Controller->run('/')
#5 [internal function]: Cms\Classes\CmsController->run('/')
#6 /Users/nhakho/www/nhakho.vn/vendor/laravel/framework/src/Illuminate/Routing/Controller.php(54): call_user_func_array(Array, Array)
#7 /Users/nhakho/www/nhakho.vn/vendor/laravel/framework/src/Illuminate/Routing/ControllerDispatcher.php(45): Illuminate\Routing\Controller->callAction('run', Array)
#8 /Users/nhakho/www/nhakho.vn/vendor/laravel/framework/src/Illuminate/Routing/Route.php(212): Illuminate\Routing\ControllerDispatcher->dispatch(Object(Illuminate\Routing\Route), Object(Cms\Classes\CmsController), 'run')
#9 /Users/nhakho/www/nhakho.vn/vendor/laravel/framework/src/Illuminate/Routing/Route.php(169): Illuminate\Routing\Route->runController()
#10 /Users/nhakho/www/nhakho.vn/vendor/laravel/framework/src/Illuminate/Routing/Router.php(658): Illuminate\Routing\Route->run()
#11 /Users/nhakho/www/nhakho.vn/vendor/laravel/framework/src/Illuminate/Routing/Pipeline.php(30): Illuminate\Routing\Router->Illuminate\Routing\{closure}(Object(Illuminate\Http\Request))
#12 /Users/nhakho/www/nhakho.vn/vendor/laravel/framework/src/Illuminate/Routing/Middleware/SubstituteBindings.php(41): Illuminate\Routing\Pipeline->Illuminate\Routing\{closure}(Object(Illuminate\Http\Request))
#13 /Users/nhakho/www/nhakho.vn/vendor/laravel/framework/src/Illuminate/Pipeline/Pipeline.php(149): Illuminate\Routing\Middleware\SubstituteBindings->handle(Object(Illuminate\Http\Request), Object(Closure))
#14 /Users/nhakho/www/nhakho.vn/vendor/laravel/framework/src/Illuminate/Routing/Pipeline.php(53): Illuminate\Pipeline\Pipeline->Illuminate\Pipeline\{closure}(Object(Illuminate\Http\Request))
#15 /Users/nhakho/www/nhakho.vn/vendor/laravel/framework/src/Illuminate/View/Middleware/ShareErrorsFromSession.php(49): Illuminate\Routing\Pipeline->Illuminate\Routing\{closure}(Object(Illuminate\Http\Request))
#16 /Users/nhakho/www/nhakho.vn/vendor/laravel/framework/src/Illuminate/Pipeline/Pipeline.php(149): Illuminate\View\Middleware\ShareErrorsFromSession->handle(Object(Illuminate\Http\Request), Object(Closure))
#17 /Users/nhakho/www/nhakho.vn/vendor/laravel/framework/src/Illuminate/Routing/Pipeline.php(53): Illuminate\Pipeline\Pipeline->Illuminate\Pipeline\{closure}(Object(Illuminate\Http\Request))
#18 /Users/nhakho/www/nhakho.vn/vendor/laravel/framework/src/Illuminate/Session/Middleware/StartSession.php(63): Illuminate\Routing\Pipeline->Illuminate\Routing\{closure}(Object(Illuminate\Http\Request))
#19 /Users/nhakho/www/nhakho.vn/vendor/laravel/framework/src/Illuminate/Pipeline/Pipeline.php(149): Illuminate\Session\Middleware\StartSession->handle(Object(Illuminate\Http\Request), Object(Closure))
#20 /Users/nhakho/www/nhakho.vn/vendor/laravel/framework/src/Illuminate/Routing/Pipeline.php(53): Illuminate\Pipeline\Pipeline->Illuminate\Pipeline\{closure}(Object(Illuminate\Http\Request))
#21 /Users/nhakho/www/nhakho.vn/vendor/laravel/framework/src/Illuminate/Cookie/Middleware/AddQueuedCookiesToResponse.php(37): Illuminate\Routing\Pipeline->Illuminate\Routing\{closure}(Object(Illuminate\Http\Request))
#22 /Users/nhakho/www/nhakho.vn/vendor/laravel/framework/src/Illuminate/Pipeline/Pipeline.php(149): Illuminate\Cookie\Middleware\AddQueuedCookiesToResponse->handle(Object(Illuminate\Http\Request), Object(Closure))
#23 /Users/nhakho/www/nhakho.vn/vendor/laravel/framework/src/Illuminate/Routing/Pipeline.php(53): Illuminate\Pipeline\Pipeline->Illuminate\Pipeline\{closure}(Object(Illuminate\Http\Request))
#24 /Users/nhakho/www/nhakho.vn/vendor/laravel/framework/src/Illuminate/Cookie/Middleware/EncryptCookies.php(66): Illuminate\Routing\Pipeline->Illuminate\Routing\{closure}(Object(Illuminate\Http\Request))
#25 /Users/nhakho/www/nhakho.vn/vendor/laravel/framework/src/Illuminate/Pipeline/Pipeline.php(149): Illuminate\Cookie\Middleware\EncryptCookies->handle(Object(Illuminate\Http\Request), Object(Closure))
#26 /Users/nhakho/www/nhakho.vn/vendor/laravel/framework/src/Illuminate/Routing/Pipeline.php(53): Illuminate\Pipeline\Pipeline->Illuminate\Pipeline\{closure}(Object(Illuminate\Http\Request))
#27 /Users/nhakho/www/nhakho.vn/vendor/laravel/framework/src/Illuminate/Pipeline/Pipeline.php(102): Illuminate\Routing\Pipeline->Illuminate\Routing\{closure}(Object(Illuminate\Http\Request))
#28 /Users/nhakho/www/nhakho.vn/vendor/laravel/framework/src/Illuminate/Routing/Router.php(660): Illuminate\Pipeline\Pipeline->then(Object(Closure))
#29 /Users/nhakho/www/nhakho.vn/vendor/laravel/framework/src/Illuminate/Routing/Router.php(635): Illuminate\Routing\Router->runRouteWithinStack(Object(Illuminate\Routing\Route), Object(Illuminate\Http\Request))
#30 /Users/nhakho/www/nhakho.vn/vendor/laravel/framework/src/Illuminate/Routing/Router.php(601): Illuminate\Routing\Router->runRoute(Object(Illuminate\Http\Request), Object(Illuminate\Routing\Route))
#31 /Users/nhakho/www/nhakho.vn/vendor/october/rain/src/Router/CoreRouter.php(20): Illuminate\Routing\Router->dispatchToRoute(Object(Illuminate\Http\Request))
#32 /Users/nhakho/www/nhakho.vn/vendor/laravel/framework/src/Illuminate/Foundation/Http/Kernel.php(176): October\Rain\Router\CoreRouter->dispatch(Object(Illuminate\Http\Request))
#33 /Users/nhakho/www/nhakho.vn/vendor/laravel/framework/src/Illuminate/Routing/Pipeline.php(30): Illuminate\Foundation\Http\Kernel->Illuminate\Foundation\Http\{closure}(Object(Illuminate\Http\Request))
#34 /Users/nhakho/www/nhakho.vn/vendor/laravel/framework/src/Illuminate/Foundation/Http/Middleware/CheckForMaintenanceMode.php(46): Illuminate\Routing\Pipeline->Illuminate\Routing\{closure}(Object(Illuminate\Http\Request))
#35 /Users/nhakho/www/nhakho.vn/vendor/laravel/framework/src/Illuminate/Pipeline/Pipeline.php(149): Illuminate\Foundation\Http\Middleware\CheckForMaintenanceMode->handle(Object(Illuminate\Http\Request), Object(Closure))
#36 /Users/nhakho/www/nhakho.vn/vendor/laravel/framework/src/Illuminate/Routing/Pipeline.php(53): Illuminate\Pipeline\Pipeline->Illuminate\Pipeline\{closure}(Object(Illuminate\Http\Request))
#37 /Users/nhakho/www/nhakho.vn/vendor/laravel/framework/src/Illuminate/Pipeline/Pipeline.php(102): Illuminate\Routing\Pipeline->Illuminate\Routing\{closure}(Object(Illuminate\Http\Request))
#38 /Users/nhakho/www/nhakho.vn/vendor/laravel/framework/src/Illuminate/Foundation/Http/Kernel.php(151): Illuminate\Pipeline\Pipeline->then(Object(Closure))
#39 /Users/nhakho/www/nhakho.vn/vendor/laravel/framework/src/Illuminate/Foundation/Http/Kernel.php(116): Illuminate\Foundation\Http\Kernel->sendRequestThroughRouter(Object(Illuminate\Http\Request))
#40 /Users/nhakho/www/nhakho.vn/index.php(43): Illuminate\Foundation\Http\Kernel->handle(Object(Illuminate\Http\Request))
#41 {main}  
[2018-12-07 14:27:26] development.ERROR: RuntimeException: [snipcartshop] Please configure at least one currency via the backend settings. in /Users/nhakho/www/nhakho.vn/plugins/offline/snipcartshop/models/CurrencySettings.php:45
Stack trace:
#0 /Users/nhakho/www/nhakho.vn/plugins/offline/snipcartshop/models/Product.php(214): OFFLINE\SnipcartShop\Models\CurrencySettings::activeCurrency()
#1 /Users/nhakho/www/nhakho.vn/plugins/offline/snipcartshop/models/Product.php(233): OFFLINE\SnipcartShop\Models\Product->getPriceInCurrency()
#2 /Users/nhakho/www/nhakho.vn/vendor/laravel/framework/src/Illuminate/Database/Eloquent/Concerns/HasAttributes.php(438): OFFLINE\SnipcartShop\Models\Product->getPriceFormattedAttribute(NULL)
#3 /Users/nhakho/www/nhakho.vn/vendor/laravel/framework/src/Illuminate/Database/Eloquent/Concerns/HasAttributes.php(340): Illuminate\Database\Eloquent\Model->mutateAttribute('priceFormatted', NULL)
#4 /Users/nhakho/www/nhakho.vn/vendor/october/rain/src/Database/Model.php(993): Illuminate\Database\Eloquent\Model->getAttributeValue('priceFormatted')
#5 /Users/nhakho/www/nhakho.vn/vendor/october/rain/src/Database/Model.php(957): October\Rain\Database\Model->getAttributeValue('priceFormatted')
#6 /Users/nhakho/www/nhakho.vn/vendor/laravel/framework/src/Illuminate/Database/Eloquent/Model.php(1382): October\Rain\Database\Model->getAttribute('priceFormatted')
#7 /Users/nhakho/www/nhakho.vn/vendor/october/rain/src/Extension/ExtendableTrait.php(348): Illuminate\Database\Eloquent\Model->__get('priceFormatted')
#8 /Users/nhakho/www/nhakho.vn/vendor/october/rain/src/Database/Model.php(617): October\Rain\Database\Model->extendableGet('priceFormatted')
#9 /Users/nhakho/www/nhakho.vn/plugins/offline/snipcartshop/models/product/_price.htm(1): October\Rain\Database\Model->__get('priceFormatted')
#10 /Users/nhakho/www/nhakho.vn/modules/system/Traits/ViewMaker.php(247): include('/Users/nhakho/w...')
#11 /Users/nhakho/www/nhakho.vn/modules/system/Traits/ViewMaker.php(97): Backend\Classes\Controller->makeFileContents('/Users/nhakho/w...', Array)
#12 /Users/nhakho/www/nhakho.vn/modules/backend/Widgets/Lists.php(1158): Backend\Classes\Controller->makePartial('$/offline/snipc...', Array)
#13 /Users/nhakho/www/nhakho.vn/modules/backend/Widgets/Lists.php(1019): Backend\Widgets\Lists->evalPartialTypeValue(Object(OFFLINE\SnipcartShop\Models\Product), Object(Backend\Classes\ListColumn), Array)
#14 /Users/nhakho/www/nhakho.vn/modules/backend/Widgets/lists/partials/_list_body_row.htm(27): Backend\Widgets\Lists->getColumnValue(Object(OFFLINE\SnipcartShop\Models\Product), Object(Backend\Classes\ListColumn))
#15 /Users/nhakho/www/nhakho.vn/modules/system/Traits/ViewMaker.php(247): include('/Users/nhakho/w...')
#16 /Users/nhakho/www/nhakho.vn/modules/system/Traits/ViewMaker.php(97): Backend\Classes\WidgetBase->makeFileContents('/Users/nhakho/w...', Array)
#17 /Users/nhakho/www/nhakho.vn/modules/backend/Widgets/lists/partials/_list_body_rows.htm(2): Backend\Classes\WidgetBase->makePartial('_list_body_row....', Array)
#18 /Users/nhakho/www/nhakho.vn/modules/system/Traits/ViewMaker.php(247): include('/Users/nhakho/w...')
#19 /Users/nhakho/www/nhakho.vn/modules/system/Traits/ViewMaker.php(97): Backend\Classes\WidgetBase->makeFileContents('/Users/nhakho/w...', Array)
#20 /Users/nhakho/www/nhakho.vn/modules/backend/Widgets/lists/partials/_list.htm(8): Backend\Classes\WidgetBase->makePartial('_list_body_rows...')
#21 /Users/nhakho/www/nhakho.vn/modules/system/Traits/ViewMaker.php(247): include('/Users/nhakho/w...')
#22 /Users/nhakho/www/nhakho.vn/modules/system/Traits/ViewMaker.php(97): Backend\Classes\WidgetBase->makeFileContents('/Users/nhakho/w...', Array)
#23 /Users/nhakho/www/nhakho.vn/modules/backend/Widgets/lists/partials/_list-container.htm(2): Backend\Classes\WidgetBase->makePartial('_list.htm')
#24 /Users/nhakho/www/nhakho.vn/modules/system/Traits/ViewMaker.php(247): include('/Users/nhakho/w...')
#25 /Users/nhakho/www/nhakho.vn/modules/system/Traits/ViewMaker.php(97): Backend\Classes\WidgetBase->makeFileContents('/Users/nhakho/w...', Array)
#26 /Users/nhakho/www/nhakho.vn/modules/backend/Widgets/Lists.php(238): Backend\Classes\WidgetBase->makePartial('_list-container...')
#27 /Users/nhakho/www/nhakho.vn/modules/backend/Behaviors/listcontroller/partials/_container.htm(9): Backend\Widgets\Lists->render()
#28 /Users/nhakho/www/nhakho.vn/modules/system/Traits/ViewMaker.php(247): include('/Users/nhakho/w...')
#29 /Users/nhakho/www/nhakho.vn/modules/backend/Classes/ControllerBehavior.php(143): Backend\Classes\Controller->makeFileContents('/Users/nhakho/w...', Array)
#30 /Users/nhakho/www/nhakho.vn/modules/system/Traits/ViewMaker.php(97): Backend\Classes\ControllerBehavior->makeFileContents('/Users/nhakho/w...', Array)
#31 /Users/nhakho/www/nhakho.vn/modules/backend/Behaviors/ListController.php(393): Backend\Classes\ControllerBehavior->makePartial('_container.htm', Array)
#32 /Users/nhakho/www/nhakho.vn/modules/backend/Behaviors/ListController.php(380): Backend\Behaviors\ListController->listMakePartial('container', Array)
#33 [internal function]: Backend\Behaviors\ListController->listRender()
#34 /Users/nhakho/www/nhakho.vn/vendor/october/rain/src/Extension/ExtendableTrait.php(397): call_user_func_array(Array, Array)
#35 /Users/nhakho/www/nhakho.vn/vendor/october/rain/src/Extension/Extendable.php(46): October\Rain\Extension\Extendable->extendableCall('listRender', Array)
#36 /Users/nhakho/www/nhakho.vn/plugins/offline/snipcartshop/controllers/products/index.htm(1): October\Rain\Extension\Extendable->__call('listRender', Array)
#37 /Users/nhakho/www/nhakho.vn/modules/system/Traits/ViewMaker.php(247): include('/Users/nhakho/w...')
#38 /Users/nhakho/www/nhakho.vn/modules/system/Traits/ViewMaker.php(109): Backend\Classes\Controller->makeFileContents('/Users/nhakho/w...')
#39 /Users/nhakho/www/nhakho.vn/modules/backend/Classes/Controller.php(364): Backend\Classes\Controller->makeView('index')
#40 /Users/nhakho/www/nhakho.vn/modules/backend/Classes/Controller.php(246): Backend\Classes\Controller->execPageAction('index', Array)
#41 /Users/nhakho/www/nhakho.vn/modules/backend/Classes/BackendController.php(112): Backend\Classes\Controller->run('index', Array)
#42 [internal function]: Backend\Classes\BackendController->run('offline/snipcar...')
#43 /Users/nhakho/www/nhakho.vn/vendor/laravel/framework/src/Illuminate/Routing/Controller.php(54): call_user_func_array(Array, Array)
#44 /Users/nhakho/www/nhakho.vn/vendor/laravel/framework/src/Illuminate/Routing/ControllerDispatcher.php(45): Illuminate\Routing\Controller->callAction('run', Array)
#45 /Users/nhakho/www/nhakho.vn/vendor/laravel/framework/src/Illuminate/Routing/Route.php(212): Illuminate\Routing\ControllerDispatcher->dispatch(Object(Illuminate\Routing\Route), Object(Backend\Classes\BackendController), 'run')
#46 /Users/nhakho/www/nhakho.vn/vendor/laravel/framework/src/Illuminate/Routing/Route.php(169): Illuminate\Routing\Route->runController()
#47 /Users/nhakho/www/nhakho.vn/vendor/laravel/framework/src/Illuminate/Routing/Router.php(658): Illuminate\Routing\Route->run()
#48 /Users/nhakho/www/nhakho.vn/vendor/laravel/framework/src/Illuminate/Routing/Pipeline.php(30): Illuminate\Routing\Router->Illuminate\Routing\{closure}(Object(Illuminate\Http\Request))
#49 /Users/nhakho/www/nhakho.vn/vendor/laravel/framework/src/Illuminate/Routing/Middleware/SubstituteBindings.php(41): Illuminate\Routing\Pipeline->Illuminate\Routing\{closure}(Object(Illuminate\Http\Request))
#50 /Users/nhakho/www/nhakho.vn/vendor/laravel/framework/src/Illuminate/Pipeline/Pipeline.php(149): Illuminate\Routing\Middleware\SubstituteBindings->handle(Object(Illuminate\Http\Request), Object(Closure))
#51 /Users/nhakho/www/nhakho.vn/vendor/laravel/framework/src/Illuminate/Routing/Pipeline.php(53): Illuminate\Pipeline\Pipeline->Illuminate\Pipeline\{closure}(Object(Illuminate\Http\Request))
#52 /Users/nhakho/www/nhakho.vn/vendor/laravel/framework/src/Illuminate/View/Middleware/ShareErrorsFromSession.php(49): Illuminate\Routing\Pipeline->Illuminate\Routing\{closure}(Object(Illuminate\Http\Request))
#53 /Users/nhakho/www/nhakho.vn/vendor/laravel/framework/src/Illuminate/Pipeline/Pipeline.php(149): Illuminate\View\Middleware\ShareErrorsFromSession->handle(Object(Illuminate\Http\Request), Object(Closure))
#54 /Users/nhakho/www/nhakho.vn/vendor/laravel/framework/src/Illuminate/Routing/Pipeline.php(53): Illuminate\Pipeline\Pipeline->Illuminate\Pipeline\{closure}(Object(Illuminate\Http\Request))
#55 /Users/nhakho/www/nhakho.vn/vendor/laravel/framework/src/Illuminate/Session/Middleware/StartSession.php(63): Illuminate\Routing\Pipeline->Illuminate\Routing\{closure}(Object(Illuminate\Http\Request))
#56 /Users/nhakho/www/nhakho.vn/vendor/laravel/framework/src/Illuminate/Pipeline/Pipeline.php(149): Illuminate\Session\Middleware\StartSession->handle(Object(Illuminate\Http\Request), Object(Closure))
#57 /Users/nhakho/www/nhakho.vn/vendor/laravel/framework/src/Illuminate/Routing/Pipeline.php(53): Illuminate\Pipeline\Pipeline->Illuminate\Pipeline\{closure}(Object(Illuminate\Http\Request))
#58 /Users/nhakho/www/nhakho.vn/vendor/laravel/framework/src/Illuminate/Cookie/Middleware/AddQueuedCookiesToResponse.php(37): Illuminate\Routing\Pipeline->Illuminate\Routing\{closure}(Object(Illuminate\Http\Request))
#59 /Users/nhakho/www/nhakho.vn/vendor/laravel/framework/src/Illuminate/Pipeline/Pipeline.php(149): Illuminate\Cookie\Middleware\AddQueuedCookiesToResponse->handle(Object(Illuminate\Http\Request), Object(Closure))
#60 /Users/nhakho/www/nhakho.vn/vendor/laravel/framework/src/Illuminate/Routing/Pipeline.php(53): Illuminate\Pipeline\Pipeline->Illuminate\Pipeline\{closure}(Object(Illuminate\Http\Request))
#61 /Users/nhakho/www/nhakho.vn/vendor/laravel/framework/src/Illuminate/Cookie/Middleware/EncryptCookies.php(66): Illuminate\Routing\Pipeline->Illuminate\Routing\{closure}(Object(Illuminate\Http\Request))
#62 /Users/nhakho/www/nhakho.vn/vendor/laravel/framework/src/Illuminate/Pipeline/Pipeline.php(149): Illuminate\Cookie\Middleware\EncryptCookies->handle(Object(Illuminate\Http\Request), Object(Closure))
#63 /Users/nhakho/www/nhakho.vn/vendor/laravel/framework/src/Illuminate/Routing/Pipeline.php(53): Illuminate\Pipeline\Pipeline->Illuminate\Pipeline\{closure}(Object(Illuminate\Http\Request))
#64 /Users/nhakho/www/nhakho.vn/vendor/laravel/framework/src/Illuminate/Pipeline/Pipeline.php(102): Illuminate\Routing\Pipeline->Illuminate\Routing\{closure}(Object(Illuminate\Http\Request))
#65 /Users/nhakho/www/nhakho.vn/vendor/laravel/framework/src/Illuminate/Routing/Router.php(660): Illuminate\Pipeline\Pipeline->then(Object(Closure))
#66 /Users/nhakho/www/nhakho.vn/vendor/laravel/framework/src/Illuminate/Routing/Router.php(635): Illuminate\Routing\Router->runRouteWithinStack(Object(Illuminate\Routing\Route), Object(Illuminate\Http\Request))
#67 /Users/nhakho/www/nhakho.vn/vendor/laravel/framework/src/Illuminate/Routing/Router.php(601): Illuminate\Routing\Router->runRoute(Object(Illuminate\Http\Request), Object(Illuminate\Routing\Route))
#68 /Users/nhakho/www/nhakho.vn/vendor/october/rain/src/Router/CoreRouter.php(20): Illuminate\Routing\Router->dispatchToRoute(Object(Illuminate\Http\Request))
#69 /Users/nhakho/www/nhakho.vn/vendor/laravel/framework/src/Illuminate/Foundation/Http/Kernel.php(176): October\Rain\Router\CoreRouter->dispatch(Object(Illuminate\Http\Request))
#70 /Users/nhakho/www/nhakho.vn/vendor/laravel/framework/src/Illuminate/Routing/Pipeline.php(30): Illuminate\Foundation\Http\Kernel->Illuminate\Foundation\Http\{closure}(Object(Illuminate\Http\Request))
#71 /Users/nhakho/www/nhakho.vn/vendor/laravel/framework/src/Illuminate/Foundation/Http/Middleware/CheckForMaintenanceMode.php(46): Illuminate\Routing\Pipeline->Illuminate\Routing\{closure}(Object(Illuminate\Http\Request))
#72 /Users/nhakho/www/nhakho.vn/vendor/laravel/framework/src/Illuminate/Pipeline/Pipeline.php(149): Illuminate\Foundation\Http\Middleware\CheckForMaintenanceMode->handle(Object(Illuminate\Http\Request), Object(Closure))
#73 /Users/nhakho/www/nhakho.vn/vendor/laravel/framework/src/Illuminate/Routing/Pipeline.php(53): Illuminate\Pipeline\Pipeline->Illuminate\Pipeline\{closure}(Object(Illuminate\Http\Request))
#74 /Users/nhakho/www/nhakho.vn/vendor/laravel/framework/src/Illuminate/Pipeline/Pipeline.php(102): Illuminate\Routing\Pipeline->Illuminate\Routing\{closure}(Object(Illuminate\Http\Request))
#75 /Users/nhakho/www/nhakho.vn/vendor/laravel/framework/src/Illuminate/Foundation/Http/Kernel.php(151): Illuminate\Pipeline\Pipeline->then(Object(Closure))
#76 /Users/nhakho/www/nhakho.vn/vendor/laravel/framework/src/Illuminate/Foundation/Http/Kernel.php(116): Illuminate\Foundation\Http\Kernel->sendRequestThroughRouter(Object(Illuminate\Http\Request))
#77 /Users/nhakho/www/nhakho.vn/index.php(43): Illuminate\Foundation\Http\Kernel->handle(Object(Illuminate\Http\Request))
#78 {main}  
[2018-12-07 14:39:46] development.ERROR: PDOException: SQLSTATE[42S22]: Column not found: 1054 Unknown column 'thuonghieu' in 'field list' in /Users/nhakho/www/nhakho.vn/vendor/doctrine/dbal/lib/Doctrine/DBAL/Driver/PDOConnection.php:77
Stack trace:
#0 /Users/nhakho/www/nhakho.vn/vendor/doctrine/dbal/lib/Doctrine/DBAL/Driver/PDOConnection.php(77): PDO->prepare('insert into `of...', Array)
#1 /Users/nhakho/www/nhakho.vn/vendor/laravel/framework/src/Illuminate/Database/Connection.php(452): Doctrine\DBAL\Driver\PDOConnection->prepare('insert into `of...')
#2 /Users/nhakho/www/nhakho.vn/vendor/laravel/framework/src/Illuminate/Database/Connection.php(657): Illuminate\Database\Connection->Illuminate\Database\{closure}('insert into `of...', Array)
#3 /Users/nhakho/www/nhakho.vn/vendor/laravel/framework/src/Illuminate/Database/Connection.php(624): Illuminate\Database\Connection->runQueryCallback('insert into `of...', Array, Object(Closure))
#4 /Users/nhakho/www/nhakho.vn/vendor/laravel/framework/src/Illuminate/Database/Connection.php(459): Illuminate\Database\Connection->run('insert into `of...', Array, Object(Closure))
#5 /Users/nhakho/www/nhakho.vn/vendor/laravel/framework/src/Illuminate/Database/Connection.php(411): Illuminate\Database\Connection->statement('insert into `of...', Array)
#6 /Users/nhakho/www/nhakho.vn/vendor/laravel/framework/src/Illuminate/Database/Query/Processors/Processor.php(32): Illuminate\Database\Connection->insert('insert into `of...', Array)
#7 /Users/nhakho/www/nhakho.vn/vendor/laravel/framework/src/Illuminate/Database/Query/Builder.php(2159): Illuminate\Database\Query\Processors\Processor->processInsertGetId(Object(October\Rain\Database\QueryBuilder), 'insert into `of...', Array, 'id')
#8 /Users/nhakho/www/nhakho.vn/vendor/october/rain/src/Database/QueryBuilder.php(276): Illuminate\Database\Query\Builder->insertGetId(Array, 'id')
#9 /Users/nhakho/www/nhakho.vn/vendor/laravel/framework/src/Illuminate/Database/Eloquent/Builder.php(1283): October\Rain\Database\QueryBuilder->insertGetId(Array, 'id')
#10 /Users/nhakho/www/nhakho.vn/vendor/october/rain/src/Database/Builder.php(178): Illuminate\Database\Eloquent\Builder->__call('insertGetId', Array)
#11 /Users/nhakho/www/nhakho.vn/vendor/laravel/framework/src/Illuminate/Database/Eloquent/Model.php(722): October\Rain\Database\Builder->__call('insertGetId', Array)
#12 /Users/nhakho/www/nhakho.vn/vendor/laravel/framework/src/Illuminate/Database/Eloquent/Model.php(687): Illuminate\Database\Eloquent\Model->insertAndSetId(Object(October\Rain\Database\Builder), Array)
#13 /Users/nhakho/www/nhakho.vn/vendor/laravel/framework/src/Illuminate/Database/Eloquent/Model.php(550): Illuminate\Database\Eloquent\Model->performInsert(Object(October\Rain\Database\Builder))
#14 /Users/nhakho/www/nhakho.vn/vendor/october/rain/src/Database/Model.php(747): Illuminate\Database\Eloquent\Model->save(Array)
#15 /Users/nhakho/www/nhakho.vn/vendor/october/rain/src/Database/Model.php(780): October\Rain\Database\Model->saveInternal(Array)
#16 /Users/nhakho/www/nhakho.vn/modules/backend/Behaviors/FormController.php(241): October\Rain\Database\Model->save(NULL, 'l78hD78jrE1DmSN...')
#17 /Users/nhakho/www/nhakho.vn/vendor/laravel/framework/src/Illuminate/Database/Concerns/ManagesTransactions.php(29): Backend\Behaviors\FormController->Backend\Behaviors\{closure}(Object(October\Rain\Database\Connections\MySqlConnection))
#18 /Users/nhakho/www/nhakho.vn/vendor/laravel/framework/src/Illuminate/Database/DatabaseManager.php(327): Illuminate\Database\Connection->transaction(Object(Closure))
#19 /Users/nhakho/www/nhakho.vn/vendor/laravel/framework/src/Illuminate/Support/Facades/Facade.php(221): Illuminate\Database\DatabaseManager->__call('transaction', Array)
#20 /Users/nhakho/www/nhakho.vn/modules/backend/Behaviors/FormController.php(243): Illuminate\Support\Facades\Facade::__callStatic('transaction', Array)
#21 [internal function]: Backend\Behaviors\FormController->create_onSave()
#22 /Users/nhakho/www/nhakho.vn/vendor/october/rain/src/Extension/ExtendableTrait.php(397): call_user_func_array(Array, Array)
#23 /Users/nhakho/www/nhakho.vn/vendor/october/rain/src/Extension/Extendable.php(46): October\Rain\Extension\Extendable->extendableCall('create_onSave', Array)
#24 [internal function]: October\Rain\Extension\Extendable->__call('create_onSave', Array)
#25 /Users/nhakho/www/nhakho.vn/modules/backend/Classes/Controller.php(532): call_user_func_array(Array, Array)
#26 /Users/nhakho/www/nhakho.vn/modules/backend/Classes/Controller.php(423): Backend\Classes\Controller->runAjaxHandler('onSave')
#27 /Users/nhakho/www/nhakho.vn/modules/backend/Classes/Controller.php(228): Backend\Classes\Controller->execAjaxHandlers()
#28 /Users/nhakho/www/nhakho.vn/modules/backend/Classes/BackendController.php(112): Backend\Classes\Controller->run('create', Array)
#29 [internal function]: Backend\Classes\BackendController->run('offline/snipcar...')
#30 /Users/nhakho/www/nhakho.vn/vendor/laravel/framework/src/Illuminate/Routing/Controller.php(54): call_user_func_array(Array, Array)
#31 /Users/nhakho/www/nhakho.vn/vendor/laravel/framework/src/Illuminate/Routing/ControllerDispatcher.php(45): Illuminate\Routing\Controller->callAction('run', Array)
#32 /Users/nhakho/www/nhakho.vn/vendor/laravel/framework/src/Illuminate/Routing/Route.php(212): Illuminate\Routing\ControllerDispatcher->dispatch(Object(Illuminate\Routing\Route), Object(Backend\Classes\BackendController), 'run')
#33 /Users/nhakho/www/nhakho.vn/vendor/laravel/framework/src/Illuminate/Routing/Route.php(169): Illuminate\Routing\Route->runController()
#34 /Users/nhakho/www/nhakho.vn/vendor/laravel/framework/src/Illuminate/Routing/Router.php(658): Illuminate\Routing\Route->run()
#35 /Users/nhakho/www/nhakho.vn/vendor/laravel/framework/src/Illuminate/Routing/Pipeline.php(30): Illuminate\Routing\Router->Illuminate\Routing\{closure}(Object(Illuminate\Http\Request))
#36 /Users/nhakho/www/nhakho.vn/vendor/laravel/framework/src/Illuminate/Routing/Middleware/SubstituteBindings.php(41): Illuminate\Routing\Pipeline->Illuminate\Routing\{closure}(Object(Illuminate\Http\Request))
#37 /Users/nhakho/www/nhakho.vn/vendor/laravel/framework/src/Illuminate/Pipeline/Pipeline.php(149): Illuminate\Routing\Middleware\SubstituteBindings->handle(Object(Illuminate\Http\Request), Object(Closure))
#38 /Users/nhakho/www/nhakho.vn/vendor/laravel/framework/src/Illuminate/Routing/Pipeline.php(53): Illuminate\Pipeline\Pipeline->Illuminate\Pipeline\{closure}(Object(Illuminate\Http\Request))
#39 /Users/nhakho/www/nhakho.vn/vendor/laravel/framework/src/Illuminate/View/Middleware/ShareErrorsFromSession.php(49): Illuminate\Routing\Pipeline->Illuminate\Routing\{closure}(Object(Illuminate\Http\Request))
#40 /Users/nhakho/www/nhakho.vn/vendor/laravel/framework/src/Illuminate/Pipeline/Pipeline.php(149): Illuminate\View\Middleware\ShareErrorsFromSession->handle(Object(Illuminate\Http\Request), Object(Closure))
#41 /Users/nhakho/www/nhakho.vn/vendor/laravel/framework/src/Illuminate/Routing/Pipeline.php(53): Illuminate\Pipeline\Pipeline->Illuminate\Pipeline\{closure}(Object(Illuminate\Http\Request))
#42 /Users/nhakho/www/nhakho.vn/vendor/laravel/framework/src/Illuminate/Session/Middleware/StartSession.php(63): Illuminate\Routing\Pipeline->Illuminate\Routing\{closure}(Object(Illuminate\Http\Request))
#43 /Users/nhakho/www/nhakho.vn/vendor/laravel/framework/src/Illuminate/Pipeline/Pipeline.php(149): Illuminate\Session\Middleware\StartSession->handle(Object(Illuminate\Http\Request), Object(Closure))
#44 /Users/nhakho/www/nhakho.vn/vendor/laravel/framework/src/Illuminate/Routing/Pipeline.php(53): Illuminate\Pipeline\Pipeline->Illuminate\Pipeline\{closure}(Object(Illuminate\Http\Request))
#45 /Users/nhakho/www/nhakho.vn/vendor/laravel/framework/src/Illuminate/Cookie/Middleware/AddQueuedCookiesToResponse.php(37): Illuminate\Routing\Pipeline->Illuminate\Routing\{closure}(Object(Illuminate\Http\Request))
#46 /Users/nhakho/www/nhakho.vn/vendor/laravel/framework/src/Illuminate/Pipeline/Pipeline.php(149): Illuminate\Cookie\Middleware\AddQueuedCookiesToResponse->handle(Object(Illuminate\Http\Request), Object(Closure))
#47 /Users/nhakho/www/nhakho.vn/vendor/laravel/framework/src/Illuminate/Routing/Pipeline.php(53): Illuminate\Pipeline\Pipeline->Illuminate\Pipeline\{closure}(Object(Illuminate\Http\Request))
#48 /Users/nhakho/www/nhakho.vn/vendor/laravel/framework/src/Illuminate/Cookie/Middleware/EncryptCookies.php(66): Illuminate\Routing\Pipeline->Illuminate\Routing\{closure}(Object(Illuminate\Http\Request))
#49 /Users/nhakho/www/nhakho.vn/vendor/laravel/framework/src/Illuminate/Pipeline/Pipeline.php(149): Illuminate\Cookie\Middleware\EncryptCookies->handle(Object(Illuminate\Http\Request), Object(Closure))
#50 /Users/nhakho/www/nhakho.vn/vendor/laravel/framework/src/Illuminate/Routing/Pipeline.php(53): Illuminate\Pipeline\Pipeline->Illuminate\Pipeline\{closure}(Object(Illuminate\Http\Request))
#51 /Users/nhakho/www/nhakho.vn/vendor/laravel/framework/src/Illuminate/Pipeline/Pipeline.php(102): Illuminate\Routing\Pipeline->Illuminate\Routing\{closure}(Object(Illuminate\Http\Request))
#52 /Users/nhakho/www/nhakho.vn/vendor/laravel/framework/src/Illuminate/Routing/Router.php(660): Illuminate\Pipeline\Pipeline->then(Object(Closure))
#53 /Users/nhakho/www/nhakho.vn/vendor/laravel/framework/src/Illuminate/Routing/Router.php(635): Illuminate\Routing\Router->runRouteWithinStack(Object(Illuminate\Routing\Route), Object(Illuminate\Http\Request))
#54 /Users/nhakho/www/nhakho.vn/vendor/laravel/framework/src/Illuminate/Routing/Router.php(601): Illuminate\Routing\Router->runRoute(Object(Illuminate\Http\Request), Object(Illuminate\Routing\Route))
#55 /Users/nhakho/www/nhakho.vn/vendor/october/rain/src/Router/CoreRouter.php(20): Illuminate\Routing\Router->dispatchToRoute(Object(Illuminate\Http\Request))
#56 /Users/nhakho/www/nhakho.vn/vendor/laravel/framework/src/Illuminate/Foundation/Http/Kernel.php(176): October\Rain\Router\CoreRouter->dispatch(Object(Illuminate\Http\Request))
#57 /Users/nhakho/www/nhakho.vn/vendor/laravel/framework/src/Illuminate/Routing/Pipeline.php(30): Illuminate\Foundation\Http\Kernel->Illuminate\Foundation\Http\{closure}(Object(Illuminate\Http\Request))
#58 /Users/nhakho/www/nhakho.vn/vendor/laravel/framework/src/Illuminate/Foundation/Http/Middleware/CheckForMaintenanceMode.php(46): Illuminate\Routing\Pipeline->Illuminate\Routing\{closure}(Object(Illuminate\Http\Request))
#59 /Users/nhakho/www/nhakho.vn/vendor/laravel/framework/src/Illuminate/Pipeline/Pipeline.php(149): Illuminate\Foundation\Http\Middleware\CheckForMaintenanceMode->handle(Object(Illuminate\Http\Request), Object(Closure))
#60 /Users/nhakho/www/nhakho.vn/vendor/laravel/framework/src/Illuminate/Routing/Pipeline.php(53): Illuminate\Pipeline\Pipeline->Illuminate\Pipeline\{closure}(Object(Illuminate\Http\Request))
#61 /Users/nhakho/www/nhakho.vn/vendor/laravel/framework/src/Illuminate/Pipeline/Pipeline.php(102): Illuminate\Routing\Pipeline->Illuminate\Routing\{closure}(Object(Illuminate\Http\Request))
#62 /Users/nhakho/www/nhakho.vn/vendor/laravel/framework/src/Illuminate/Foundation/Http/Kernel.php(151): Illuminate\Pipeline\Pipeline->then(Object(Closure))
#63 /Users/nhakho/www/nhakho.vn/vendor/laravel/framework/src/Illuminate/Foundation/Http/Kernel.php(116): Illuminate\Foundation\Http\Kernel->sendRequestThroughRouter(Object(Illuminate\Http\Request))
#64 /Users/nhakho/www/nhakho.vn/index.php(43): Illuminate\Foundation\Http\Kernel->handle(Object(Illuminate\Http\Request))
#65 {main}

Next Doctrine\DBAL\Driver\PDOException: SQLSTATE[42S22]: Column not found: 1054 Unknown column 'thuonghieu' in 'field list' in /Users/nhakho/www/nhakho.vn/vendor/doctrine/dbal/lib/Doctrine/DBAL/Driver/PDOConnection.php:79
Stack trace:
#0 /Users/nhakho/www/nhakho.vn/vendor/laravel/framework/src/Illuminate/Database/Connection.php(452): Doctrine\DBAL\Driver\PDOConnection->prepare('insert into `of...')
#1 /Users/nhakho/www/nhakho.vn/vendor/laravel/framework/src/Illuminate/Database/Connection.php(657): Illuminate\Database\Connection->Illuminate\Database\{closure}('insert into `of...', Array)
#2 /Users/nhakho/www/nhakho.vn/vendor/laravel/framework/src/Illuminate/Database/Connection.php(624): Illuminate\Database\Connection->runQueryCallback('insert into `of...', Array, Object(Closure))
#3 /Users/nhakho/www/nhakho.vn/vendor/laravel/framework/src/Illuminate/Database/Connection.php(459): Illuminate\Database\Connection->run('insert into `of...', Array, Object(Closure))
#4 /Users/nhakho/www/nhakho.vn/vendor/laravel/framework/src/Illuminate/Database/Connection.php(411): Illuminate\Database\Connection->statement('insert into `of...', Array)
#5 /Users/nhakho/www/nhakho.vn/vendor/laravel/framework/src/Illuminate/Database/Query/Processors/Processor.php(32): Illuminate\Database\Connection->insert('insert into `of...', Array)
#6 /Users/nhakho/www/nhakho.vn/vendor/laravel/framework/src/Illuminate/Database/Query/Builder.php(2159): Illuminate\Database\Query\Processors\Processor->processInsertGetId(Object(October\Rain\Database\QueryBuilder), 'insert into `of...', Array, 'id')
#7 /Users/nhakho/www/nhakho.vn/vendor/october/rain/src/Database/QueryBuilder.php(276): Illuminate\Database\Query\Builder->insertGetId(Array, 'id')
#8 /Users/nhakho/www/nhakho.vn/vendor/laravel/framework/src/Illuminate/Database/Eloquent/Builder.php(1283): October\Rain\Database\QueryBuilder->insertGetId(Array, 'id')
#9 /Users/nhakho/www/nhakho.vn/vendor/october/rain/src/Database/Builder.php(178): Illuminate\Database\Eloquent\Builder->__call('insertGetId', Array)
#10 /Users/nhakho/www/nhakho.vn/vendor/laravel/framework/src/Illuminate/Database/Eloquent/Model.php(722): October\Rain\Database\Builder->__call('insertGetId', Array)
#11 /Users/nhakho/www/nhakho.vn/vendor/laravel/framework/src/Illuminate/Database/Eloquent/Model.php(687): Illuminate\Database\Eloquent\Model->insertAndSetId(Object(October\Rain\Database\Builder), Array)
#12 /Users/nhakho/www/nhakho.vn/vendor/laravel/framework/src/Illuminate/Database/Eloquent/Model.php(550): Illuminate\Database\Eloquent\Model->performInsert(Object(October\Rain\Database\Builder))
#13 /Users/nhakho/www/nhakho.vn/vendor/october/rain/src/Database/Model.php(747): Illuminate\Database\Eloquent\Model->save(Array)
#14 /Users/nhakho/www/nhakho.vn/vendor/october/rain/src/Database/Model.php(780): October\Rain\Database\Model->saveInternal(Array)
#15 /Users/nhakho/www/nhakho.vn/modules/backend/Behaviors/FormController.php(241): October\Rain\Database\Model->save(NULL, 'l78hD78jrE1DmSN...')
#16 /Users/nhakho/www/nhakho.vn/vendor/laravel/framework/src/Illuminate/Database/Concerns/ManagesTransactions.php(29): Backend\Behaviors\FormController->Backend\Behaviors\{closure}(Object(October\Rain\Database\Connections\MySqlConnection))
#17 /Users/nhakho/www/nhakho.vn/vendor/laravel/framework/src/Illuminate/Database/DatabaseManager.php(327): Illuminate\Database\Connection->transaction(Object(Closure))
#18 /Users/nhakho/www/nhakho.vn/vendor/laravel/framework/src/Illuminate/Support/Facades/Facade.php(221): Illuminate\Database\DatabaseManager->__call('transaction', Array)
#19 /Users/nhakho/www/nhakho.vn/modules/backend/Behaviors/FormController.php(243): Illuminate\Support\Facades\Facade::__callStatic('transaction', Array)
#20 [internal function]: Backend\Behaviors\FormController->create_onSave()
#21 /Users/nhakho/www/nhakho.vn/vendor/october/rain/src/Extension/ExtendableTrait.php(397): call_user_func_array(Array, Array)
#22 /Users/nhakho/www/nhakho.vn/vendor/october/rain/src/Extension/Extendable.php(46): October\Rain\Extension\Extendable->extendableCall('create_onSave', Array)
#23 [internal function]: October\Rain\Extension\Extendable->__call('create_onSave', Array)
#24 /Users/nhakho/www/nhakho.vn/modules/backend/Classes/Controller.php(532): call_user_func_array(Array, Array)
#25 /Users/nhakho/www/nhakho.vn/modules/backend/Classes/Controller.php(423): Backend\Classes\Controller->runAjaxHandler('onSave')
#26 /Users/nhakho/www/nhakho.vn/modules/backend/Classes/Controller.php(228): Backend\Classes\Controller->execAjaxHandlers()
#27 /Users/nhakho/www/nhakho.vn/modules/backend/Classes/BackendController.php(112): Backend\Classes\Controller->run('create', Array)
#28 [internal function]: Backend\Classes\BackendController->run('offline/snipcar...')
#29 /Users/nhakho/www/nhakho.vn/vendor/laravel/framework/src/Illuminate/Routing/Controller.php(54): call_user_func_array(Array, Array)
#30 /Users/nhakho/www/nhakho.vn/vendor/laravel/framework/src/Illuminate/Routing/ControllerDispatcher.php(45): Illuminate\Routing\Controller->callAction('run', Array)
#31 /Users/nhakho/www/nhakho.vn/vendor/laravel/framework/src/Illuminate/Routing/Route.php(212): Illuminate\Routing\ControllerDispatcher->dispatch(Object(Illuminate\Routing\Route), Object(Backend\Classes\BackendController), 'run')
#32 /Users/nhakho/www/nhakho.vn/vendor/laravel/framework/src/Illuminate/Routing/Route.php(169): Illuminate\Routing\Route->runController()
#33 /Users/nhakho/www/nhakho.vn/vendor/laravel/framework/src/Illuminate/Routing/Router.php(658): Illuminate\Routing\Route->run()
#34 /Users/nhakho/www/nhakho.vn/vendor/laravel/framework/src/Illuminate/Routing/Pipeline.php(30): Illuminate\Routing\Router->Illuminate\Routing\{closure}(Object(Illuminate\Http\Request))
#35 /Users/nhakho/www/nhakho.vn/vendor/laravel/framework/src/Illuminate/Routing/Middleware/SubstituteBindings.php(41): Illuminate\Routing\Pipeline->Illuminate\Routing\{closure}(Object(Illuminate\Http\Request))
#36 /Users/nhakho/www/nhakho.vn/vendor/laravel/framework/src/Illuminate/Pipeline/Pipeline.php(149): Illuminate\Routing\Middleware\SubstituteBindings->handle(Object(Illuminate\Http\Request), Object(Closure))
#37 /Users/nhakho/www/nhakho.vn/vendor/laravel/framework/src/Illuminate/Routing/Pipeline.php(53): Illuminate\Pipeline\Pipeline->Illuminate\Pipeline\{closure}(Object(Illuminate\Http\Request))
#38 /Users/nhakho/www/nhakho.vn/vendor/laravel/framework/src/Illuminate/View/Middleware/ShareErrorsFromSession.php(49): Illuminate\Routing\Pipeline->Illuminate\Routing\{closure}(Object(Illuminate\Http\Request))
#39 /Users/nhakho/www/nhakho.vn/vendor/laravel/framework/src/Illuminate/Pipeline/Pipeline.php(149): Illuminate\View\Middleware\ShareErrorsFromSession->handle(Object(Illuminate\Http\Request), Object(Closure))
#40 /Users/nhakho/www/nhakho.vn/vendor/laravel/framework/src/Illuminate/Routing/Pipeline.php(53): Illuminate\Pipeline\Pipeline->Illuminate\Pipeline\{closure}(Object(Illuminate\Http\Request))
#41 /Users/nhakho/www/nhakho.vn/vendor/laravel/framework/src/Illuminate/Session/Middleware/StartSession.php(63): Illuminate\Routing\Pipeline->Illuminate\Routing\{closure}(Object(Illuminate\Http\Request))
#42 /Users/nhakho/www/nhakho.vn/vendor/laravel/framework/src/Illuminate/Pipeline/Pipeline.php(149): Illuminate\Session\Middleware\StartSession->handle(Object(Illuminate\Http\Request), Object(Closure))
#43 /Users/nhakho/www/nhakho.vn/vendor/laravel/framework/src/Illuminate/Routing/Pipeline.php(53): Illuminate\Pipeline\Pipeline->Illuminate\Pipeline\{closure}(Object(Illuminate\Http\Request))
#44 /Users/nhakho/www/nhakho.vn/vendor/laravel/framework/src/Illuminate/Cookie/Middleware/AddQueuedCookiesToResponse.php(37): Illuminate\Routing\Pipeline->Illuminate\Routing\{closure}(Object(Illuminate\Http\Request))
#45 /Users/nhakho/www/nhakho.vn/vendor/laravel/framework/src/Illuminate/Pipeline/Pipeline.php(149): Illuminate\Cookie\Middleware\AddQueuedCookiesToResponse->handle(Object(Illuminate\Http\Request), Object(Closure))
#46 /Users/nhakho/www/nhakho.vn/vendor/laravel/framework/src/Illuminate/Routing/Pipeline.php(53): Illuminate\Pipeline\Pipeline->Illuminate\Pipeline\{closure}(Object(Illuminate\Http\Request))
#47 /Users/nhakho/www/nhakho.vn/vendor/laravel/framework/src/Illuminate/Cookie/Middleware/EncryptCookies.php(66): Illuminate\Routing\Pipeline->Illuminate\Routing\{closure}(Object(Illuminate\Http\Request))
#48 /Users/nhakho/www/nhakho.vn/vendor/laravel/framework/src/Illuminate/Pipeline/Pipeline.php(149): Illuminate\Cookie\Middleware\EncryptCookies->handle(Object(Illuminate\Http\Request), Object(Closure))
#49 /Users/nhakho/www/nhakho.vn/vendor/laravel/framework/src/Illuminate/Routing/Pipeline.php(53): Illuminate\Pipeline\Pipeline->Illuminate\Pipeline\{closure}(Object(Illuminate\Http\Request))
#50 /Users/nhakho/www/nhakho.vn/vendor/laravel/framework/src/Illuminate/Pipeline/Pipeline.php(102): Illuminate\Routing\Pipeline->Illuminate\Routing\{closure}(Object(Illuminate\Http\Request))
#51 /Users/nhakho/www/nhakho.vn/vendor/laravel/framework/src/Illuminate/Routing/Router.php(660): Illuminate\Pipeline\Pipeline->then(Object(Closure))
#52 /Users/nhakho/www/nhakho.vn/vendor/laravel/framework/src/Illuminate/Routing/Router.php(635): Illuminate\Routing\Router->runRouteWithinStack(Object(Illuminate\Routing\Route), Object(Illuminate\Http\Request))
#53 /Users/nhakho/www/nhakho.vn/vendor/laravel/framework/src/Illuminate/Routing/Router.php(601): Illuminate\Routing\Router->runRoute(Object(Illuminate\Http\Request), Object(Illuminate\Routing\Route))
#54 /Users/nhakho/www/nhakho.vn/vendor/october/rain/src/Router/CoreRouter.php(20): Illuminate\Routing\Router->dispatchToRoute(Object(Illuminate\Http\Request))
#55 /Users/nhakho/www/nhakho.vn/vendor/laravel/framework/src/Illuminate/Foundation/Http/Kernel.php(176): October\Rain\Router\CoreRouter->dispatch(Object(Illuminate\Http\Request))
#56 /Users/nhakho/www/nhakho.vn/vendor/laravel/framework/src/Illuminate/Routing/Pipeline.php(30): Illuminate\Foundation\Http\Kernel->Illuminate\Foundation\Http\{closure}(Object(Illuminate\Http\Request))
#57 /Users/nhakho/www/nhakho.vn/vendor/laravel/framework/src/Illuminate/Foundation/Http/Middleware/CheckForMaintenanceMode.php(46): Illuminate\Routing\Pipeline->Illuminate\Routing\{closure}(Object(Illuminate\Http\Request))
#58 /Users/nhakho/www/nhakho.vn/vendor/laravel/framework/src/Illuminate/Pipeline/Pipeline.php(149): Illuminate\Foundation\Http\Middleware\CheckForMaintenanceMode->handle(Object(Illuminate\Http\Request), Object(Closure))
#59 /Users/nhakho/www/nhakho.vn/vendor/laravel/framework/src/Illuminate/Routing/Pipeline.php(53): Illuminate\Pipeline\Pipeline->Illuminate\Pipeline\{closure}(Object(Illuminate\Http\Request))
#60 /Users/nhakho/www/nhakho.vn/vendor/laravel/framework/src/Illuminate/Pipeline/Pipeline.php(102): Illuminate\Routing\Pipeline->Illuminate\Routing\{closure}(Object(Illuminate\Http\Request))
#61 /Users/nhakho/www/nhakho.vn/vendor/laravel/framework/src/Illuminate/Foundation/Http/Kernel.php(151): Illuminate\Pipeline\Pipeline->then(Object(Closure))
#62 /Users/nhakho/www/nhakho.vn/vendor/laravel/framework/src/Illuminate/Foundation/Http/Kernel.php(116): Illuminate\Foundation\Http\Kernel->sendRequestThroughRouter(Object(Illuminate\Http\Request))
#63 /Users/nhakho/www/nhakho.vn/index.php(43): Illuminate\Foundation\Http\Kernel->handle(Object(Illuminate\Http\Request))
#64 {main}

Next Illuminate\Database\QueryException: SQLSTATE[42S22]: Column not found: 1054 Unknown column 'thuonghieu' in 'field list' (SQL: insert into `offline_snipcartshop_products` (`name`, `slug`, `thuonghieu`, `xuatxu`, `published`, `video`, `user_defined_id`, `description_short`, `price`, `description`, `taxable`, `shippable`, `weight`, `width`, `length`, `height`, `stackable`, `quantity_default`, `quantity_min`, `quantity_max`, `allow_out_of_stock_purchases`, `inventory_management_method`, `meta_title`, `meta_description`, `properties`, `links`, `updated_at`, `created_at`) values (ng h c ODO 30 xut x Php., djong-ho-co-odo-30-xuat-xu-phap, odo, phap, 0, https://youtu.be/qiyKEaJoUdw, M101, Dungf conga tams duroc, [{"currency":"VN\u0110","price":"158900000"}], <p>Demo noi dung 123&nbsp;</p>

<p>Demo noi dung 123&nbsp;</p>

<p>Demo noi dung 123&nbsp;</p>

<p>Demo noi dung 123&nbsp;</p>

<p>Demo noi dung 123&nbsp;</p>

<p>Demo noi dung 123&nbsp;</p>

<p>Demo noi dung 123&nbsp;</p>, 1, 1, , , , , 0, , , , 0, singe, , , [], [], 2018-12-07 14:39:46, 2018-12-07 14:39:46)) in /Users/nhakho/www/nhakho.vn/vendor/laravel/framework/src/Illuminate/Database/Connection.php:664
Stack trace:
#0 /Users/nhakho/www/nhakho.vn/vendor/laravel/framework/src/Illuminate/Database/Connection.php(624): Illuminate\Database\Connection->runQueryCallback('insert into `of...', Array, Object(Closure))
#1 /Users/nhakho/www/nhakho.vn/vendor/laravel/framework/src/Illuminate/Database/Connection.php(459): Illuminate\Database\Connection->run('insert into `of...', Array, Object(Closure))
#2 /Users/nhakho/www/nhakho.vn/vendor/laravel/framework/src/Illuminate/Database/Connection.php(411): Illuminate\Database\Connection->statement('insert into `of...', Array)
#3 /Users/nhakho/www/nhakho.vn/vendor/laravel/framework/src/Illuminate/Database/Query/Processors/Processor.php(32): Illuminate\Database\Connection->insert('insert into `of...', Array)
#4 /Users/nhakho/www/nhakho.vn/vendor/laravel/framework/src/Illuminate/Database/Query/Builder.php(2159): Illuminate\Database\Query\Processors\Processor->processInsertGetId(Object(October\Rain\Database\QueryBuilder), 'insert into `of...', Array, 'id')
#5 /Users/nhakho/www/nhakho.vn/vendor/october/rain/src/Database/QueryBuilder.php(276): Illuminate\Database\Query\Builder->insertGetId(Array, 'id')
#6 /Users/nhakho/www/nhakho.vn/vendor/laravel/framework/src/Illuminate/Database/Eloquent/Builder.php(1283): October\Rain\Database\QueryBuilder->insertGetId(Array, 'id')
#7 /Users/nhakho/www/nhakho.vn/vendor/october/rain/src/Database/Builder.php(178): Illuminate\Database\Eloquent\Builder->__call('insertGetId', Array)
#8 /Users/nhakho/www/nhakho.vn/vendor/laravel/framework/src/Illuminate/Database/Eloquent/Model.php(722): October\Rain\Database\Builder->__call('insertGetId', Array)
#9 /Users/nhakho/www/nhakho.vn/vendor/laravel/framework/src/Illuminate/Database/Eloquent/Model.php(687): Illuminate\Database\Eloquent\Model->insertAndSetId(Object(October\Rain\Database\Builder), Array)
#10 /Users/nhakho/www/nhakho.vn/vendor/laravel/framework/src/Illuminate/Database/Eloquent/Model.php(550): Illuminate\Database\Eloquent\Model->performInsert(Object(October\Rain\Database\Builder))
#11 /Users/nhakho/www/nhakho.vn/vendor/october/rain/src/Database/Model.php(747): Illuminate\Database\Eloquent\Model->save(Array)
#12 /Users/nhakho/www/nhakho.vn/vendor/october/rain/src/Database/Model.php(780): October\Rain\Database\Model->saveInternal(Array)
#13 /Users/nhakho/www/nhakho.vn/modules/backend/Behaviors/FormController.php(241): October\Rain\Database\Model->save(NULL, 'l78hD78jrE1DmSN...')
#14 /Users/nhakho/www/nhakho.vn/vendor/laravel/framework/src/Illuminate/Database/Concerns/ManagesTransactions.php(29): Backend\Behaviors\FormController->Backend\Behaviors\{closure}(Object(October\Rain\Database\Connections\MySqlConnection))
#15 /Users/nhakho/www/nhakho.vn/vendor/laravel/framework/src/Illuminate/Database/DatabaseManager.php(327): Illuminate\Database\Connection->transaction(Object(Closure))
#16 /Users/nhakho/www/nhakho.vn/vendor/laravel/framework/src/Illuminate/Support/Facades/Facade.php(221): Illuminate\Database\DatabaseManager->__call('transaction', Array)
#17 /Users/nhakho/www/nhakho.vn/modules/backend/Behaviors/FormController.php(243): Illuminate\Support\Facades\Facade::__callStatic('transaction', Array)
#18 [internal function]: Backend\Behaviors\FormController->create_onSave()
#19 /Users/nhakho/www/nhakho.vn/vendor/october/rain/src/Extension/ExtendableTrait.php(397): call_user_func_array(Array, Array)
#20 /Users/nhakho/www/nhakho.vn/vendor/october/rain/src/Extension/Extendable.php(46): October\Rain\Extension\Extendable->extendableCall('create_onSave', Array)
#21 [internal function]: October\Rain\Extension\Extendable->__call('create_onSave', Array)
#22 /Users/nhakho/www/nhakho.vn/modules/backend/Classes/Controller.php(532): call_user_func_array(Array, Array)
#23 /Users/nhakho/www/nhakho.vn/modules/backend/Classes/Controller.php(423): Backend\Classes\Controller->runAjaxHandler('onSave')
#24 /Users/nhakho/www/nhakho.vn/modules/backend/Classes/Controller.php(228): Backend\Classes\Controller->execAjaxHandlers()
#25 /Users/nhakho/www/nhakho.vn/modules/backend/Classes/BackendController.php(112): Backend\Classes\Controller->run('create', Array)
#26 [internal function]: Backend\Classes\BackendController->run('offline/snipcar...')
#27 /Users/nhakho/www/nhakho.vn/vendor/laravel/framework/src/Illuminate/Routing/Controller.php(54): call_user_func_array(Array, Array)
#28 /Users/nhakho/www/nhakho.vn/vendor/laravel/framework/src/Illuminate/Routing/ControllerDispatcher.php(45): Illuminate\Routing\Controller->callAction('run', Array)
#29 /Users/nhakho/www/nhakho.vn/vendor/laravel/framework/src/Illuminate/Routing/Route.php(212): Illuminate\Routing\ControllerDispatcher->dispatch(Object(Illuminate\Routing\Route), Object(Backend\Classes\BackendController), 'run')
#30 /Users/nhakho/www/nhakho.vn/vendor/laravel/framework/src/Illuminate/Routing/Route.php(169): Illuminate\Routing\Route->runController()
#31 /Users/nhakho/www/nhakho.vn/vendor/laravel/framework/src/Illuminate/Routing/Router.php(658): Illuminate\Routing\Route->run()
#32 /Users/nhakho/www/nhakho.vn/vendor/laravel/framework/src/Illuminate/Routing/Pipeline.php(30): Illuminate\Routing\Router->Illuminate\Routing\{closure}(Object(Illuminate\Http\Request))
#33 /Users/nhakho/www/nhakho.vn/vendor/laravel/framework/src/Illuminate/Routing/Middleware/SubstituteBindings.php(41): Illuminate\Routing\Pipeline->Illuminate\Routing\{closure}(Object(Illuminate\Http\Request))
#34 /Users/nhakho/www/nhakho.vn/vendor/laravel/framework/src/Illuminate/Pipeline/Pipeline.php(149): Illuminate\Routing\Middleware\SubstituteBindings->handle(Object(Illuminate\Http\Request), Object(Closure))
#35 /Users/nhakho/www/nhakho.vn/vendor/laravel/framework/src/Illuminate/Routing/Pipeline.php(53): Illuminate\Pipeline\Pipeline->Illuminate\Pipeline\{closure}(Object(Illuminate\Http\Request))
#36 /Users/nhakho/www/nhakho.vn/vendor/laravel/framework/src/Illuminate/View/Middleware/ShareErrorsFromSession.php(49): Illuminate\Routing\Pipeline->Illuminate\Routing\{closure}(Object(Illuminate\Http\Request))
#37 /Users/nhakho/www/nhakho.vn/vendor/laravel/framework/src/Illuminate/Pipeline/Pipeline.php(149): Illuminate\View\Middleware\ShareErrorsFromSession->handle(Object(Illuminate\Http\Request), Object(Closure))
#38 /Users/nhakho/www/nhakho.vn/vendor/laravel/framework/src/Illuminate/Routing/Pipeline.php(53): Illuminate\Pipeline\Pipeline->Illuminate\Pipeline\{closure}(Object(Illuminate\Http\Request))
#39 /Users/nhakho/www/nhakho.vn/vendor/laravel/framework/src/Illuminate/Session/Middleware/StartSession.php(63): Illuminate\Routing\Pipeline->Illuminate\Routing\{closure}(Object(Illuminate\Http\Request))
#40 /Users/nhakho/www/nhakho.vn/vendor/laravel/framework/src/Illuminate/Pipeline/Pipeline.php(149): Illuminate\Session\Middleware\StartSession->handle(Object(Illuminate\Http\Request), Object(Closure))
#41 /Users/nhakho/www/nhakho.vn/vendor/laravel/framework/src/Illuminate/Routing/Pipeline.php(53): Illuminate\Pipeline\Pipeline->Illuminate\Pipeline\{closure}(Object(Illuminate\Http\Request))
#42 /Users/nhakho/www/nhakho.vn/vendor/laravel/framework/src/Illuminate/Cookie/Middleware/AddQueuedCookiesToResponse.php(37): Illuminate\Routing\Pipeline->Illuminate\Routing\{closure}(Object(Illuminate\Http\Request))
#43 /Users/nhakho/www/nhakho.vn/vendor/laravel/framework/src/Illuminate/Pipeline/Pipeline.php(149): Illuminate\Cookie\Middleware\AddQueuedCookiesToResponse->handle(Object(Illuminate\Http\Request), Object(Closure))
#44 /Users/nhakho/www/nhakho.vn/vendor/laravel/framework/src/Illuminate/Routing/Pipeline.php(53): Illuminate\Pipeline\Pipeline->Illuminate\Pipeline\{closure}(Object(Illuminate\Http\Request))
#45 /Users/nhakho/www/nhakho.vn/vendor/laravel/framework/src/Illuminate/Cookie/Middleware/EncryptCookies.php(66): Illuminate\Routing\Pipeline->Illuminate\Routing\{closure}(Object(Illuminate\Http\Request))
#46 /Users/nhakho/www/nhakho.vn/vendor/laravel/framework/src/Illuminate/Pipeline/Pipeline.php(149): Illuminate\Cookie\Middleware\EncryptCookies->handle(Object(Illuminate\Http\Request), Object(Closure))
#47 /Users/nhakho/www/nhakho.vn/vendor/laravel/framework/src/Illuminate/Routing/Pipeline.php(53): Illuminate\Pipeline\Pipeline->Illuminate\Pipeline\{closure}(Object(Illuminate\Http\Request))
#48 /Users/nhakho/www/nhakho.vn/vendor/laravel/framework/src/Illuminate/Pipeline/Pipeline.php(102): Illuminate\Routing\Pipeline->Illuminate\Routing\{closure}(Object(Illuminate\Http\Request))
#49 /Users/nhakho/www/nhakho.vn/vendor/laravel/framework/src/Illuminate/Routing/Router.php(660): Illuminate\Pipeline\Pipeline->then(Object(Closure))
#50 /Users/nhakho/www/nhakho.vn/vendor/laravel/framework/src/Illuminate/Routing/Router.php(635): Illuminate\Routing\Router->runRouteWithinStack(Object(Illuminate\Routing\Route), Object(Illuminate\Http\Request))
#51 /Users/nhakho/www/nhakho.vn/vendor/laravel/framework/src/Illuminate/Routing/Router.php(601): Illuminate\Routing\Router->runRoute(Object(Illuminate\Http\Request), Object(Illuminate\Routing\Route))
#52 /Users/nhakho/www/nhakho.vn/vendor/october/rain/src/Router/CoreRouter.php(20): Illuminate\Routing\Router->dispatchToRoute(Object(Illuminate\Http\Request))
#53 /Users/nhakho/www/nhakho.vn/vendor/laravel/framework/src/Illuminate/Foundation/Http/Kernel.php(176): October\Rain\Router\CoreRouter->dispatch(Object(Illuminate\Http\Request))
#54 /Users/nhakho/www/nhakho.vn/vendor/laravel/framework/src/Illuminate/Routing/Pipeline.php(30): Illuminate\Foundation\Http\Kernel->Illuminate\Foundation\Http\{closure}(Object(Illuminate\Http\Request))
#55 /Users/nhakho/www/nhakho.vn/vendor/laravel/framework/src/Illuminate/Foundation/Http/Middleware/CheckForMaintenanceMode.php(46): Illuminate\Routing\Pipeline->Illuminate\Routing\{closure}(Object(Illuminate\Http\Request))
#56 /Users/nhakho/www/nhakho.vn/vendor/laravel/framework/src/Illuminate/Pipeline/Pipeline.php(149): Illuminate\Foundation\Http\Middleware\CheckForMaintenanceMode->handle(Object(Illuminate\Http\Request), Object(Closure))
#57 /Users/nhakho/www/nhakho.vn/vendor/laravel/framework/src/Illuminate/Routing/Pipeline.php(53): Illuminate\Pipeline\Pipeline->Illuminate\Pipeline\{closure}(Object(Illuminate\Http\Request))
#58 /Users/nhakho/www/nhakho.vn/vendor/laravel/framework/src/Illuminate/Pipeline/Pipeline.php(102): Illuminate\Routing\Pipeline->Illuminate\Routing\{closure}(Object(Illuminate\Http\Request))
#59 /Users/nhakho/www/nhakho.vn/vendor/laravel/framework/src/Illuminate/Foundation/Http/Kernel.php(151): Illuminate\Pipeline\Pipeline->then(Object(Closure))
#60 /Users/nhakho/www/nhakho.vn/vendor/laravel/framework/src/Illuminate/Foundation/Http/Kernel.php(116): Illuminate\Foundation\Http\Kernel->sendRequestThroughRouter(Object(Illuminate\Http\Request))
#61 /Users/nhakho/www/nhakho.vn/index.php(43): Illuminate\Foundation\Http\Kernel->handle(Object(Illuminate\Http\Request))
#62 {main}  
[2018-12-07 15:00:57] development.ERROR: ErrorException: Array to string conversion in /Users/nhakho/www/nhakho.vn/storage/cms/twig/d3/d34b0120ed5461da50b76557cd559829b935bdb999f851f57ea7ee851282f363.php:93
Stack trace:
#0 /Users/nhakho/www/nhakho.vn/storage/cms/twig/d3/d34b0120ed5461da50b76557cd559829b935bdb999f851f57ea7ee851282f363.php(93): Illuminate\Foundation\Bootstrap\HandleExceptions->handleError(8, 'Array to string...', '/Users/nhakho/w...', 93, Array)
#1 /Users/nhakho/www/nhakho.vn/vendor/twig/twig/lib/Twig/Template.php(390): __TwigTemplate_fadbf62194cf8be613bd1b27f44635f0a93f025739a29b9de68b312befc8f4da->doDisplay(Array, Array)
#2 /Users/nhakho/www/nhakho.vn/vendor/twig/twig/lib/Twig/Template.php(367): Twig_Template->displayWithErrorHandling(Array, Array)
#3 /Users/nhakho/www/nhakho.vn/vendor/twig/twig/lib/Twig/Template.php(375): Twig_Template->display(Array)
#4 /Users/nhakho/www/nhakho.vn/modules/cms/Classes/Controller.php(360): Twig_Template->render(Array)
#5 /Users/nhakho/www/nhakho.vn/modules/cms/Classes/Controller.php(206): Cms\Classes\Controller->runPage(Object(Cms\Classes\Page))
#6 /Users/nhakho/www/nhakho.vn/modules/cms/Classes/CmsController.php(50): Cms\Classes\Controller->run('san-pham/djong-...')
#7 [internal function]: Cms\Classes\CmsController->run('san-pham/djong-...')
#8 /Users/nhakho/www/nhakho.vn/vendor/laravel/framework/src/Illuminate/Routing/Controller.php(54): call_user_func_array(Array, Array)
#9 /Users/nhakho/www/nhakho.vn/vendor/laravel/framework/src/Illuminate/Routing/ControllerDispatcher.php(45): Illuminate\Routing\Controller->callAction('run', Array)
#10 /Users/nhakho/www/nhakho.vn/vendor/laravel/framework/src/Illuminate/Routing/Route.php(212): Illuminate\Routing\ControllerDispatcher->dispatch(Object(Illuminate\Routing\Route), Object(Cms\Classes\CmsController), 'run')
#11 /Users/nhakho/www/nhakho.vn/vendor/laravel/framework/src/Illuminate/Routing/Route.php(169): Illuminate\Routing\Route->runController()
#12 /Users/nhakho/www/nhakho.vn/vendor/laravel/framework/src/Illuminate/Routing/Router.php(658): Illuminate\Routing\Route->run()
#13 /Users/nhakho/www/nhakho.vn/vendor/laravel/framework/src/Illuminate/Routing/Pipeline.php(30): Illuminate\Routing\Router->Illuminate\Routing\{closure}(Object(Illuminate\Http\Request))
#14 /Users/nhakho/www/nhakho.vn/plugins/rainlab/translate/classes/LocaleMiddleware.php(29): Illuminate\Routing\Pipeline->Illuminate\Routing\{closure}(Object(Illuminate\Http\Request))
#15 /Users/nhakho/www/nhakho.vn/vendor/laravel/framework/src/Illuminate/Pipeline/Pipeline.php(149): RainLab\Translate\Classes\LocaleMiddleware->handle(Object(Illuminate\Http\Request), Object(Closure))
#16 /Users/nhakho/www/nhakho.vn/vendor/laravel/framework/src/Illuminate/Routing/Pipeline.php(53): Illuminate\Pipeline\Pipeline->Illuminate\Pipeline\{closure}(Object(Illuminate\Http\Request))
#17 /Users/nhakho/www/nhakho.vn/vendor/laravel/framework/src/Illuminate/Routing/Middleware/SubstituteBindings.php(41): Illuminate\Routing\Pipeline->Illuminate\Routing\{closure}(Object(Illuminate\Http\Request))
#18 /Users/nhakho/www/nhakho.vn/vendor/laravel/framework/src/Illuminate/Pipeline/Pipeline.php(149): Illuminate\Routing\Middleware\SubstituteBindings->handle(Object(Illuminate\Http\Request), Object(Closure))
#19 /Users/nhakho/www/nhakho.vn/vendor/laravel/framework/src/Illuminate/Routing/Pipeline.php(53): Illuminate\Pipeline\Pipeline->Illuminate\Pipeline\{closure}(Object(Illuminate\Http\Request))
#20 /Users/nhakho/www/nhakho.vn/vendor/laravel/framework/src/Illuminate/View/Middleware/ShareErrorsFromSession.php(49): Illuminate\Routing\Pipeline->Illuminate\Routing\{closure}(Object(Illuminate\Http\Request))
#21 /Users/nhakho/www/nhakho.vn/vendor/laravel/framework/src/Illuminate/Pipeline/Pipeline.php(149): Illuminate\View\Middleware\ShareErrorsFromSession->handle(Object(Illuminate\Http\Request), Object(Closure))
#22 /Users/nhakho/www/nhakho.vn/vendor/laravel/framework/src/Illuminate/Routing/Pipeline.php(53): Illuminate\Pipeline\Pipeline->Illuminate\Pipeline\{closure}(Object(Illuminate\Http\Request))
#23 /Users/nhakho/www/nhakho.vn/vendor/laravel/framework/src/Illuminate/Session/Middleware/StartSession.php(63): Illuminate\Routing\Pipeline->Illuminate\Routing\{closure}(Object(Illuminate\Http\Request))
#24 /Users/nhakho/www/nhakho.vn/vendor/laravel/framework/src/Illuminate/Pipeline/Pipeline.php(149): Illuminate\Session\Middleware\StartSession->handle(Object(Illuminate\Http\Request), Object(Closure))
#25 /Users/nhakho/www/nhakho.vn/vendor/laravel/framework/src/Illuminate/Routing/Pipeline.php(53): Illuminate\Pipeline\Pipeline->Illuminate\Pipeline\{closure}(Object(Illuminate\Http\Request))
#26 /Users/nhakho/www/nhakho.vn/vendor/laravel/framework/src/Illuminate/Cookie/Middleware/AddQueuedCookiesToResponse.php(37): Illuminate\Routing\Pipeline->Illuminate\Routing\{closure}(Object(Illuminate\Http\Request))
#27 /Users/nhakho/www/nhakho.vn/vendor/laravel/framework/src/Illuminate/Pipeline/Pipeline.php(149): Illuminate\Cookie\Middleware\AddQueuedCookiesToResponse->handle(Object(Illuminate\Http\Request), Object(Closure))
#28 /Users/nhakho/www/nhakho.vn/vendor/laravel/framework/src/Illuminate/Routing/Pipeline.php(53): Illuminate\Pipeline\Pipeline->Illuminate\Pipeline\{closure}(Object(Illuminate\Http\Request))
#29 /Users/nhakho/www/nhakho.vn/vendor/laravel/framework/src/Illuminate/Cookie/Middleware/EncryptCookies.php(66): Illuminate\Routing\Pipeline->Illuminate\Routing\{closure}(Object(Illuminate\Http\Request))
#30 /Users/nhakho/www/nhakho.vn/vendor/laravel/framework/src/Illuminate/Pipeline/Pipeline.php(149): Illuminate\Cookie\Middleware\EncryptCookies->handle(Object(Illuminate\Http\Request), Object(Closure))
#31 /Users/nhakho/www/nhakho.vn/vendor/laravel/framework/src/Illuminate/Routing/Pipeline.php(53): Illuminate\Pipeline\Pipeline->Illuminate\Pipeline\{closure}(Object(Illuminate\Http\Request))
#32 /Users/nhakho/www/nhakho.vn/vendor/laravel/framework/src/Illuminate/Pipeline/Pipeline.php(102): Illuminate\Routing\Pipeline->Illuminate\Routing\{closure}(Object(Illuminate\Http\Request))
#33 /Users/nhakho/www/nhakho.vn/vendor/laravel/framework/src/Illuminate/Routing/Router.php(660): Illuminate\Pipeline\Pipeline->then(Object(Closure))
#34 /Users/nhakho/www/nhakho.vn/vendor/laravel/framework/src/Illuminate/Routing/Router.php(635): Illuminate\Routing\Router->runRouteWithinStack(Object(Illuminate\Routing\Route), Object(Illuminate\Http\Request))
#35 /Users/nhakho/www/nhakho.vn/vendor/laravel/framework/src/Illuminate/Routing/Router.php(601): Illuminate\Routing\Router->runRoute(Object(Illuminate\Http\Request), Object(Illuminate\Routing\Route))
#36 /Users/nhakho/www/nhakho.vn/vendor/october/rain/src/Router/CoreRouter.php(20): Illuminate\Routing\Router->dispatchToRoute(Object(Illuminate\Http\Request))
#37 /Users/nhakho/www/nhakho.vn/vendor/laravel/framework/src/Illuminate/Foundation/Http/Kernel.php(176): October\Rain\Router\CoreRouter->dispatch(Object(Illuminate\Http\Request))
#38 /Users/nhakho/www/nhakho.vn/vendor/laravel/framework/src/Illuminate/Routing/Pipeline.php(30): Illuminate\Foundation\Http\Kernel->Illuminate\Foundation\Http\{closure}(Object(Illuminate\Http\Request))
#39 /Users/nhakho/www/nhakho.vn/vendor/laravel/framework/src/Illuminate/Foundation/Http/Middleware/CheckForMaintenanceMode.php(46): Illuminate\Routing\Pipeline->Illuminate\Routing\{closure}(Object(Illuminate\Http\Request))
#40 /Users/nhakho/www/nhakho.vn/vendor/laravel/framework/src/Illuminate/Pipeline/Pipeline.php(149): Illuminate\Foundation\Http\Middleware\CheckForMaintenanceMode->handle(Object(Illuminate\Http\Request), Object(Closure))
#41 /Users/nhakho/www/nhakho.vn/vendor/laravel/framework/src/Illuminate/Routing/Pipeline.php(53): Illuminate\Pipeline\Pipeline->Illuminate\Pipeline\{closure}(Object(Illuminate\Http\Request))
#42 /Users/nhakho/www/nhakho.vn/vendor/laravel/framework/src/Illuminate/Pipeline/Pipeline.php(102): Illuminate\Routing\Pipeline->Illuminate\Routing\{closure}(Object(Illuminate\Http\Request))
#43 /Users/nhakho/www/nhakho.vn/vendor/laravel/framework/src/Illuminate/Foundation/Http/Kernel.php(151): Illuminate\Pipeline\Pipeline->then(Object(Closure))
#44 /Users/nhakho/www/nhakho.vn/vendor/laravel/framework/src/Illuminate/Foundation/Http/Kernel.php(116): Illuminate\Foundation\Http\Kernel->sendRequestThroughRouter(Object(Illuminate\Http\Request))
#45 /Users/nhakho/www/nhakho.vn/index.php(43): Illuminate\Foundation\Http\Kernel->handle(Object(Illuminate\Http\Request))
#46 {main}

Next Twig_Error_Runtime: An exception has been thrown during the rendering of a template ("Array to string conversion") in "/Users/nhakho/www/nhakho.vn/themes/responsiv-flat/pages/san-pham.htm" at line 22. in /Users/nhakho/www/nhakho.vn/vendor/twig/twig/lib/Twig/Template.php:405
Stack trace:
#0 /Users/nhakho/www/nhakho.vn/vendor/twig/twig/lib/Twig/Template.php(367): Twig_Template->displayWithErrorHandling(Array, Array)
#1 /Users/nhakho/www/nhakho.vn/vendor/twig/twig/lib/Twig/Template.php(375): Twig_Template->display(Array)
#2 /Users/nhakho/www/nhakho.vn/modules/cms/Classes/Controller.php(360): Twig_Template->render(Array)
#3 /Users/nhakho/www/nhakho.vn/modules/cms/Classes/Controller.php(206): Cms\Classes\Controller->runPage(Object(Cms\Classes\Page))
#4 /Users/nhakho/www/nhakho.vn/modules/cms/Classes/CmsController.php(50): Cms\Classes\Controller->run('san-pham/djong-...')
#5 [internal function]: Cms\Classes\CmsController->run('san-pham/djong-...')
#6 /Users/nhakho/www/nhakho.vn/vendor/laravel/framework/src/Illuminate/Routing/Controller.php(54): call_user_func_array(Array, Array)
#7 /Users/nhakho/www/nhakho.vn/vendor/laravel/framework/src/Illuminate/Routing/ControllerDispatcher.php(45): Illuminate\Routing\Controller->callAction('run', Array)
#8 /Users/nhakho/www/nhakho.vn/vendor/laravel/framework/src/Illuminate/Routing/Route.php(212): Illuminate\Routing\ControllerDispatcher->dispatch(Object(Illuminate\Routing\Route), Object(Cms\Classes\CmsController), 'run')
#9 /Users/nhakho/www/nhakho.vn/vendor/laravel/framework/src/Illuminate/Routing/Route.php(169): Illuminate\Routing\Route->runController()
#10 /Users/nhakho/www/nhakho.vn/vendor/laravel/framework/src/Illuminate/Routing/Router.php(658): Illuminate\Routing\Route->run()
#11 /Users/nhakho/www/nhakho.vn/vendor/laravel/framework/src/Illuminate/Routing/Pipeline.php(30): Illuminate\Routing\Router->Illuminate\Routing\{closure}(Object(Illuminate\Http\Request))
#12 /Users/nhakho/www/nhakho.vn/plugins/rainlab/translate/classes/LocaleMiddleware.php(29): Illuminate\Routing\Pipeline->Illuminate\Routing\{closure}(Object(Illuminate\Http\Request))
#13 /Users/nhakho/www/nhakho.vn/vendor/laravel/framework/src/Illuminate/Pipeline/Pipeline.php(149): RainLab\Translate\Classes\LocaleMiddleware->handle(Object(Illuminate\Http\Request), Object(Closure))
#14 /Users/nhakho/www/nhakho.vn/vendor/laravel/framework/src/Illuminate/Routing/Pipeline.php(53): Illuminate\Pipeline\Pipeline->Illuminate\Pipeline\{closure}(Object(Illuminate\Http\Request))
#15 /Users/nhakho/www/nhakho.vn/vendor/laravel/framework/src/Illuminate/Routing/Middleware/SubstituteBindings.php(41): Illuminate\Routing\Pipeline->Illuminate\Routing\{closure}(Object(Illuminate\Http\Request))
#16 /Users/nhakho/www/nhakho.vn/vendor/laravel/framework/src/Illuminate/Pipeline/Pipeline.php(149): Illuminate\Routing\Middleware\SubstituteBindings->handle(Object(Illuminate\Http\Request), Object(Closure))
#17 /Users/nhakho/www/nhakho.vn/vendor/laravel/framework/src/Illuminate/Routing/Pipeline.php(53): Illuminate\Pipeline\Pipeline->Illuminate\Pipeline\{closure}(Object(Illuminate\Http\Request))
#18 /Users/nhakho/www/nhakho.vn/vendor/laravel/framework/src/Illuminate/View/Middleware/ShareErrorsFromSession.php(49): Illuminate\Routing\Pipeline->Illuminate\Routing\{closure}(Object(Illuminate\Http\Request))
#19 /Users/nhakho/www/nhakho.vn/vendor/laravel/framework/src/Illuminate/Pipeline/Pipeline.php(149): Illuminate\View\Middleware\ShareErrorsFromSession->handle(Object(Illuminate\Http\Request), Object(Closure))
#20 /Users/nhakho/www/nhakho.vn/vendor/laravel/framework/src/Illuminate/Routing/Pipeline.php(53): Illuminate\Pipeline\Pipeline->Illuminate\Pipeline\{closure}(Object(Illuminate\Http\Request))
#21 /Users/nhakho/www/nhakho.vn/vendor/laravel/framework/src/Illuminate/Session/Middleware/StartSession.php(63): Illuminate\Routing\Pipeline->Illuminate\Routing\{closure}(Object(Illuminate\Http\Request))
#22 /Users/nhakho/www/nhakho.vn/vendor/laravel/framework/src/Illuminate/Pipeline/Pipeline.php(149): Illuminate\Session\Middleware\StartSession->handle(Object(Illuminate\Http\Request), Object(Closure))
#23 /Users/nhakho/www/nhakho.vn/vendor/laravel/framework/src/Illuminate/Routing/Pipeline.php(53): Illuminate\Pipeline\Pipeline->Illuminate\Pipeline\{closure}(Object(Illuminate\Http\Request))
#24 /Users/nhakho/www/nhakho.vn/vendor/laravel/framework/src/Illuminate/Cookie/Middleware/AddQueuedCookiesToResponse.php(37): Illuminate\Routing\Pipeline->Illuminate\Routing\{closure}(Object(Illuminate\Http\Request))
#25 /Users/nhakho/www/nhakho.vn/vendor/laravel/framework/src/Illuminate/Pipeline/Pipeline.php(149): Illuminate\Cookie\Middleware\AddQueuedCookiesToResponse->handle(Object(Illuminate\Http\Request), Object(Closure))
#26 /Users/nhakho/www/nhakho.vn/vendor/laravel/framework/src/Illuminate/Routing/Pipeline.php(53): Illuminate\Pipeline\Pipeline->Illuminate\Pipeline\{closure}(Object(Illuminate\Http\Request))
#27 /Users/nhakho/www/nhakho.vn/vendor/laravel/framework/src/Illuminate/Cookie/Middleware/EncryptCookies.php(66): Illuminate\Routing\Pipeline->Illuminate\Routing\{closure}(Object(Illuminate\Http\Request))
#28 /Users/nhakho/www/nhakho.vn/vendor/laravel/framework/src/Illuminate/Pipeline/Pipeline.php(149): Illuminate\Cookie\Middleware\EncryptCookies->handle(Object(Illuminate\Http\Request), Object(Closure))
#29 /Users/nhakho/www/nhakho.vn/vendor/laravel/framework/src/Illuminate/Routing/Pipeline.php(53): Illuminate\Pipeline\Pipeline->Illuminate\Pipeline\{closure}(Object(Illuminate\Http\Request))
#30 /Users/nhakho/www/nhakho.vn/vendor/laravel/framework/src/Illuminate/Pipeline/Pipeline.php(102): Illuminate\Routing\Pipeline->Illuminate\Routing\{closure}(Object(Illuminate\Http\Request))
#31 /Users/nhakho/www/nhakho.vn/vendor/laravel/framework/src/Illuminate/Routing/Router.php(660): Illuminate\Pipeline\Pipeline->then(Object(Closure))
#32 /Users/nhakho/www/nhakho.vn/vendor/laravel/framework/src/Illuminate/Routing/Router.php(635): Illuminate\Routing\Router->runRouteWithinStack(Object(Illuminate\Routing\Route), Object(Illuminate\Http\Request))
#33 /Users/nhakho/www/nhakho.vn/vendor/laravel/framework/src/Illuminate/Routing/Router.php(601): Illuminate\Routing\Router->runRoute(Object(Illuminate\Http\Request), Object(Illuminate\Routing\Route))
#34 /Users/nhakho/www/nhakho.vn/vendor/october/rain/src/Router/CoreRouter.php(20): Illuminate\Routing\Router->dispatchToRoute(Object(Illuminate\Http\Request))
#35 /Users/nhakho/www/nhakho.vn/vendor/laravel/framework/src/Illuminate/Foundation/Http/Kernel.php(176): October\Rain\Router\CoreRouter->dispatch(Object(Illuminate\Http\Request))
#36 /Users/nhakho/www/nhakho.vn/vendor/laravel/framework/src/Illuminate/Routing/Pipeline.php(30): Illuminate\Foundation\Http\Kernel->Illuminate\Foundation\Http\{closure}(Object(Illuminate\Http\Request))
#37 /Users/nhakho/www/nhakho.vn/vendor/laravel/framework/src/Illuminate/Foundation/Http/Middleware/CheckForMaintenanceMode.php(46): Illuminate\Routing\Pipeline->Illuminate\Routing\{closure}(Object(Illuminate\Http\Request))
#38 /Users/nhakho/www/nhakho.vn/vendor/laravel/framework/src/Illuminate/Pipeline/Pipeline.php(149): Illuminate\Foundation\Http\Middleware\CheckForMaintenanceMode->handle(Object(Illuminate\Http\Request), Object(Closure))
#39 /Users/nhakho/www/nhakho.vn/vendor/laravel/framework/src/Illuminate/Routing/Pipeline.php(53): Illuminate\Pipeline\Pipeline->Illuminate\Pipeline\{closure}(Object(Illuminate\Http\Request))
#40 /Users/nhakho/www/nhakho.vn/vendor/laravel/framework/src/Illuminate/Pipeline/Pipeline.php(102): Illuminate\Routing\Pipeline->Illuminate\Routing\{closure}(Object(Illuminate\Http\Request))
#41 /Users/nhakho/www/nhakho.vn/vendor/laravel/framework/src/Illuminate/Foundation/Http/Kernel.php(151): Illuminate\Pipeline\Pipeline->then(Object(Closure))
#42 /Users/nhakho/www/nhakho.vn/vendor/laravel/framework/src/Illuminate/Foundation/Http/Kernel.php(116): Illuminate\Foundation\Http\Kernel->sendRequestThroughRouter(Object(Illuminate\Http\Request))
#43 /Users/nhakho/www/nhakho.vn/index.php(43): Illuminate\Foundation\Http\Kernel->handle(Object(Illuminate\Http\Request))
#44 {main}  
[2018-12-07 15:00:59] development.ERROR: ErrorException: Array to string conversion in /Users/nhakho/www/nhakho.vn/storage/cms/twig/d3/d34b0120ed5461da50b76557cd559829b935bdb999f851f57ea7ee851282f363.php:93
Stack trace:
#0 /Users/nhakho/www/nhakho.vn/storage/cms/twig/d3/d34b0120ed5461da50b76557cd559829b935bdb999f851f57ea7ee851282f363.php(93): Illuminate\Foundation\Bootstrap\HandleExceptions->handleError(8, 'Array to string...', '/Users/nhakho/w...', 93, Array)
#1 /Users/nhakho/www/nhakho.vn/vendor/twig/twig/lib/Twig/Template.php(390): __TwigTemplate_fadbf62194cf8be613bd1b27f44635f0a93f025739a29b9de68b312befc8f4da->doDisplay(Array, Array)
#2 /Users/nhakho/www/nhakho.vn/vendor/twig/twig/lib/Twig/Template.php(367): Twig_Template->displayWithErrorHandling(Array, Array)
#3 /Users/nhakho/www/nhakho.vn/vendor/twig/twig/lib/Twig/Template.php(375): Twig_Template->display(Array)
#4 /Users/nhakho/www/nhakho.vn/modules/cms/Classes/Controller.php(360): Twig_Template->render(Array)
#5 /Users/nhakho/www/nhakho.vn/modules/cms/Classes/Controller.php(206): Cms\Classes\Controller->runPage(Object(Cms\Classes\Page))
#6 /Users/nhakho/www/nhakho.vn/modules/cms/Classes/CmsController.php(50): Cms\Classes\Controller->run('san-pham/djong-...')
#7 [internal function]: Cms\Classes\CmsController->run('san-pham/djong-...')
#8 /Users/nhakho/www/nhakho.vn/vendor/laravel/framework/src/Illuminate/Routing/Controller.php(54): call_user_func_array(Array, Array)
#9 /Users/nhakho/www/nhakho.vn/vendor/laravel/framework/src/Illuminate/Routing/ControllerDispatcher.php(45): Illuminate\Routing\Controller->callAction('run', Array)
#10 /Users/nhakho/www/nhakho.vn/vendor/laravel/framework/src/Illuminate/Routing/Route.php(212): Illuminate\Routing\ControllerDispatcher->dispatch(Object(Illuminate\Routing\Route), Object(Cms\Classes\CmsController), 'run')
#11 /Users/nhakho/www/nhakho.vn/vendor/laravel/framework/src/Illuminate/Routing/Route.php(169): Illuminate\Routing\Route->runController()
#12 /Users/nhakho/www/nhakho.vn/vendor/laravel/framework/src/Illuminate/Routing/Router.php(658): Illuminate\Routing\Route->run()
#13 /Users/nhakho/www/nhakho.vn/vendor/laravel/framework/src/Illuminate/Routing/Pipeline.php(30): Illuminate\Routing\Router->Illuminate\Routing\{closure}(Object(Illuminate\Http\Request))
#14 /Users/nhakho/www/nhakho.vn/plugins/rainlab/translate/classes/LocaleMiddleware.php(29): Illuminate\Routing\Pipeline->Illuminate\Routing\{closure}(Object(Illuminate\Http\Request))
#15 /Users/nhakho/www/nhakho.vn/vendor/laravel/framework/src/Illuminate/Pipeline/Pipeline.php(149): RainLab\Translate\Classes\LocaleMiddleware->handle(Object(Illuminate\Http\Request), Object(Closure))
#16 /Users/nhakho/www/nhakho.vn/vendor/laravel/framework/src/Illuminate/Routing/Pipeline.php(53): Illuminate\Pipeline\Pipeline->Illuminate\Pipeline\{closure}(Object(Illuminate\Http\Request))
#17 /Users/nhakho/www/nhakho.vn/vendor/laravel/framework/src/Illuminate/Routing/Middleware/SubstituteBindings.php(41): Illuminate\Routing\Pipeline->Illuminate\Routing\{closure}(Object(Illuminate\Http\Request))
#18 /Users/nhakho/www/nhakho.vn/vendor/laravel/framework/src/Illuminate/Pipeline/Pipeline.php(149): Illuminate\Routing\Middleware\SubstituteBindings->handle(Object(Illuminate\Http\Request), Object(Closure))
#19 /Users/nhakho/www/nhakho.vn/vendor/laravel/framework/src/Illuminate/Routing/Pipeline.php(53): Illuminate\Pipeline\Pipeline->Illuminate\Pipeline\{closure}(Object(Illuminate\Http\Request))
#20 /Users/nhakho/www/nhakho.vn/vendor/laravel/framework/src/Illuminate/View/Middleware/ShareErrorsFromSession.php(49): Illuminate\Routing\Pipeline->Illuminate\Routing\{closure}(Object(Illuminate\Http\Request))
#21 /Users/nhakho/www/nhakho.vn/vendor/laravel/framework/src/Illuminate/Pipeline/Pipeline.php(149): Illuminate\View\Middleware\ShareErrorsFromSession->handle(Object(Illuminate\Http\Request), Object(Closure))
#22 /Users/nhakho/www/nhakho.vn/vendor/laravel/framework/src/Illuminate/Routing/Pipeline.php(53): Illuminate\Pipeline\Pipeline->Illuminate\Pipeline\{closure}(Object(Illuminate\Http\Request))
#23 /Users/nhakho/www/nhakho.vn/vendor/laravel/framework/src/Illuminate/Session/Middleware/StartSession.php(63): Illuminate\Routing\Pipeline->Illuminate\Routing\{closure}(Object(Illuminate\Http\Request))
#24 /Users/nhakho/www/nhakho.vn/vendor/laravel/framework/src/Illuminate/Pipeline/Pipeline.php(149): Illuminate\Session\Middleware\StartSession->handle(Object(Illuminate\Http\Request), Object(Closure))
#25 /Users/nhakho/www/nhakho.vn/vendor/laravel/framework/src/Illuminate/Routing/Pipeline.php(53): Illuminate\Pipeline\Pipeline->Illuminate\Pipeline\{closure}(Object(Illuminate\Http\Request))
#26 /Users/nhakho/www/nhakho.vn/vendor/laravel/framework/src/Illuminate/Cookie/Middleware/AddQueuedCookiesToResponse.php(37): Illuminate\Routing\Pipeline->Illuminate\Routing\{closure}(Object(Illuminate\Http\Request))
#27 /Users/nhakho/www/nhakho.vn/vendor/laravel/framework/src/Illuminate/Pipeline/Pipeline.php(149): Illuminate\Cookie\Middleware\AddQueuedCookiesToResponse->handle(Object(Illuminate\Http\Request), Object(Closure))
#28 /Users/nhakho/www/nhakho.vn/vendor/laravel/framework/src/Illuminate/Routing/Pipeline.php(53): Illuminate\Pipeline\Pipeline->Illuminate\Pipeline\{closure}(Object(Illuminate\Http\Request))
#29 /Users/nhakho/www/nhakho.vn/vendor/laravel/framework/src/Illuminate/Cookie/Middleware/EncryptCookies.php(66): Illuminate\Routing\Pipeline->Illuminate\Routing\{closure}(Object(Illuminate\Http\Request))
#30 /Users/nhakho/www/nhakho.vn/vendor/laravel/framework/src/Illuminate/Pipeline/Pipeline.php(149): Illuminate\Cookie\Middleware\EncryptCookies->handle(Object(Illuminate\Http\Request), Object(Closure))
#31 /Users/nhakho/www/nhakho.vn/vendor/laravel/framework/src/Illuminate/Routing/Pipeline.php(53): Illuminate\Pipeline\Pipeline->Illuminate\Pipeline\{closure}(Object(Illuminate\Http\Request))
#32 /Users/nhakho/www/nhakho.vn/vendor/laravel/framework/src/Illuminate/Pipeline/Pipeline.php(102): Illuminate\Routing\Pipeline->Illuminate\Routing\{closure}(Object(Illuminate\Http\Request))
#33 /Users/nhakho/www/nhakho.vn/vendor/laravel/framework/src/Illuminate/Routing/Router.php(660): Illuminate\Pipeline\Pipeline->then(Object(Closure))
#34 /Users/nhakho/www/nhakho.vn/vendor/laravel/framework/src/Illuminate/Routing/Router.php(635): Illuminate\Routing\Router->runRouteWithinStack(Object(Illuminate\Routing\Route), Object(Illuminate\Http\Request))
#35 /Users/nhakho/www/nhakho.vn/vendor/laravel/framework/src/Illuminate/Routing/Router.php(601): Illuminate\Routing\Router->runRoute(Object(Illuminate\Http\Request), Object(Illuminate\Routing\Route))
#36 /Users/nhakho/www/nhakho.vn/vendor/october/rain/src/Router/CoreRouter.php(20): Illuminate\Routing\Router->dispatchToRoute(Object(Illuminate\Http\Request))
#37 /Users/nhakho/www/nhakho.vn/vendor/laravel/framework/src/Illuminate/Foundation/Http/Kernel.php(176): October\Rain\Router\CoreRouter->dispatch(Object(Illuminate\Http\Request))
#38 /Users/nhakho/www/nhakho.vn/vendor/laravel/framework/src/Illuminate/Routing/Pipeline.php(30): Illuminate\Foundation\Http\Kernel->Illuminate\Foundation\Http\{closure}(Object(Illuminate\Http\Request))
#39 /Users/nhakho/www/nhakho.vn/vendor/laravel/framework/src/Illuminate/Foundation/Http/Middleware/CheckForMaintenanceMode.php(46): Illuminate\Routing\Pipeline->Illuminate\Routing\{closure}(Object(Illuminate\Http\Request))
#40 /Users/nhakho/www/nhakho.vn/vendor/laravel/framework/src/Illuminate/Pipeline/Pipeline.php(149): Illuminate\Foundation\Http\Middleware\CheckForMaintenanceMode->handle(Object(Illuminate\Http\Request), Object(Closure))
#41 /Users/nhakho/www/nhakho.vn/vendor/laravel/framework/src/Illuminate/Routing/Pipeline.php(53): Illuminate\Pipeline\Pipeline->Illuminate\Pipeline\{closure}(Object(Illuminate\Http\Request))
#42 /Users/nhakho/www/nhakho.vn/vendor/laravel/framework/src/Illuminate/Pipeline/Pipeline.php(102): Illuminate\Routing\Pipeline->Illuminate\Routing\{closure}(Object(Illuminate\Http\Request))
#43 /Users/nhakho/www/nhakho.vn/vendor/laravel/framework/src/Illuminate/Foundation/Http/Kernel.php(151): Illuminate\Pipeline\Pipeline->then(Object(Closure))
#44 /Users/nhakho/www/nhakho.vn/vendor/laravel/framework/src/Illuminate/Foundation/Http/Kernel.php(116): Illuminate\Foundation\Http\Kernel->sendRequestThroughRouter(Object(Illuminate\Http\Request))
#45 /Users/nhakho/www/nhakho.vn/index.php(43): Illuminate\Foundation\Http\Kernel->handle(Object(Illuminate\Http\Request))
#46 {main}

Next Twig_Error_Runtime: An exception has been thrown during the rendering of a template ("Array to string conversion") in "/Users/nhakho/www/nhakho.vn/themes/responsiv-flat/pages/san-pham.htm" at line 22. in /Users/nhakho/www/nhakho.vn/vendor/twig/twig/lib/Twig/Template.php:405
Stack trace:
#0 /Users/nhakho/www/nhakho.vn/vendor/twig/twig/lib/Twig/Template.php(367): Twig_Template->displayWithErrorHandling(Array, Array)
#1 /Users/nhakho/www/nhakho.vn/vendor/twig/twig/lib/Twig/Template.php(375): Twig_Template->display(Array)
#2 /Users/nhakho/www/nhakho.vn/modules/cms/Classes/Controller.php(360): Twig_Template->render(Array)
#3 /Users/nhakho/www/nhakho.vn/modules/cms/Classes/Controller.php(206): Cms\Classes\Controller->runPage(Object(Cms\Classes\Page))
#4 /Users/nhakho/www/nhakho.vn/modules/cms/Classes/CmsController.php(50): Cms\Classes\Controller->run('san-pham/djong-...')
#5 [internal function]: Cms\Classes\CmsController->run('san-pham/djong-...')
#6 /Users/nhakho/www/nhakho.vn/vendor/laravel/framework/src/Illuminate/Routing/Controller.php(54): call_user_func_array(Array, Array)
#7 /Users/nhakho/www/nhakho.vn/vendor/laravel/framework/src/Illuminate/Routing/ControllerDispatcher.php(45): Illuminate\Routing\Controller->callAction('run', Array)
#8 /Users/nhakho/www/nhakho.vn/vendor/laravel/framework/src/Illuminate/Routing/Route.php(212): Illuminate\Routing\ControllerDispatcher->dispatch(Object(Illuminate\Routing\Route), Object(Cms\Classes\CmsController), 'run')
#9 /Users/nhakho/www/nhakho.vn/vendor/laravel/framework/src/Illuminate/Routing/Route.php(169): Illuminate\Routing\Route->runController()
#10 /Users/nhakho/www/nhakho.vn/vendor/laravel/framework/src/Illuminate/Routing/Router.php(658): Illuminate\Routing\Route->run()
#11 /Users/nhakho/www/nhakho.vn/vendor/laravel/framework/src/Illuminate/Routing/Pipeline.php(30): Illuminate\Routing\Router->Illuminate\Routing\{closure}(Object(Illuminate\Http\Request))
#12 /Users/nhakho/www/nhakho.vn/plugins/rainlab/translate/classes/LocaleMiddleware.php(29): Illuminate\Routing\Pipeline->Illuminate\Routing\{closure}(Object(Illuminate\Http\Request))
#13 /Users/nhakho/www/nhakho.vn/vendor/laravel/framework/src/Illuminate/Pipeline/Pipeline.php(149): RainLab\Translate\Classes\LocaleMiddleware->handle(Object(Illuminate\Http\Request), Object(Closure))
#14 /Users/nhakho/www/nhakho.vn/vendor/laravel/framework/src/Illuminate/Routing/Pipeline.php(53): Illuminate\Pipeline\Pipeline->Illuminate\Pipeline\{closure}(Object(Illuminate\Http\Request))
#15 /Users/nhakho/www/nhakho.vn/vendor/laravel/framework/src/Illuminate/Routing/Middleware/SubstituteBindings.php(41): Illuminate\Routing\Pipeline->Illuminate\Routing\{closure}(Object(Illuminate\Http\Request))
#16 /Users/nhakho/www/nhakho.vn/vendor/laravel/framework/src/Illuminate/Pipeline/Pipeline.php(149): Illuminate\Routing\Middleware\SubstituteBindings->handle(Object(Illuminate\Http\Request), Object(Closure))
#17 /Users/nhakho/www/nhakho.vn/vendor/laravel/framework/src/Illuminate/Routing/Pipeline.php(53): Illuminate\Pipeline\Pipeline->Illuminate\Pipeline\{closure}(Object(Illuminate\Http\Request))
#18 /Users/nhakho/www/nhakho.vn/vendor/laravel/framework/src/Illuminate/View/Middleware/ShareErrorsFromSession.php(49): Illuminate\Routing\Pipeline->Illuminate\Routing\{closure}(Object(Illuminate\Http\Request))
#19 /Users/nhakho/www/nhakho.vn/vendor/laravel/framework/src/Illuminate/Pipeline/Pipeline.php(149): Illuminate\View\Middleware\ShareErrorsFromSession->handle(Object(Illuminate\Http\Request), Object(Closure))
#20 /Users/nhakho/www/nhakho.vn/vendor/laravel/framework/src/Illuminate/Routing/Pipeline.php(53): Illuminate\Pipeline\Pipeline->Illuminate\Pipeline\{closure}(Object(Illuminate\Http\Request))
#21 /Users/nhakho/www/nhakho.vn/vendor/laravel/framework/src/Illuminate/Session/Middleware/StartSession.php(63): Illuminate\Routing\Pipeline->Illuminate\Routing\{closure}(Object(Illuminate\Http\Request))
#22 /Users/nhakho/www/nhakho.vn/vendor/laravel/framework/src/Illuminate/Pipeline/Pipeline.php(149): Illuminate\Session\Middleware\StartSession->handle(Object(Illuminate\Http\Request), Object(Closure))
#23 /Users/nhakho/www/nhakho.vn/vendor/laravel/framework/src/Illuminate/Routing/Pipeline.php(53): Illuminate\Pipeline\Pipeline->Illuminate\Pipeline\{closure}(Object(Illuminate\Http\Request))
#24 /Users/nhakho/www/nhakho.vn/vendor/laravel/framework/src/Illuminate/Cookie/Middleware/AddQueuedCookiesToResponse.php(37): Illuminate\Routing\Pipeline->Illuminate\Routing\{closure}(Object(Illuminate\Http\Request))
#25 /Users/nhakho/www/nhakho.vn/vendor/laravel/framework/src/Illuminate/Pipeline/Pipeline.php(149): Illuminate\Cookie\Middleware\AddQueuedCookiesToResponse->handle(Object(Illuminate\Http\Request), Object(Closure))
#26 /Users/nhakho/www/nhakho.vn/vendor/laravel/framework/src/Illuminate/Routing/Pipeline.php(53): Illuminate\Pipeline\Pipeline->Illuminate\Pipeline\{closure}(Object(Illuminate\Http\Request))
#27 /Users/nhakho/www/nhakho.vn/vendor/laravel/framework/src/Illuminate/Cookie/Middleware/EncryptCookies.php(66): Illuminate\Routing\Pipeline->Illuminate\Routing\{closure}(Object(Illuminate\Http\Request))
#28 /Users/nhakho/www/nhakho.vn/vendor/laravel/framework/src/Illuminate/Pipeline/Pipeline.php(149): Illuminate\Cookie\Middleware\EncryptCookies->handle(Object(Illuminate\Http\Request), Object(Closure))
#29 /Users/nhakho/www/nhakho.vn/vendor/laravel/framework/src/Illuminate/Routing/Pipeline.php(53): Illuminate\Pipeline\Pipeline->Illuminate\Pipeline\{closure}(Object(Illuminate\Http\Request))
#30 /Users/nhakho/www/nhakho.vn/vendor/laravel/framework/src/Illuminate/Pipeline/Pipeline.php(102): Illuminate\Routing\Pipeline->Illuminate\Routing\{closure}(Object(Illuminate\Http\Request))
#31 /Users/nhakho/www/nhakho.vn/vendor/laravel/framework/src/Illuminate/Routing/Router.php(660): Illuminate\Pipeline\Pipeline->then(Object(Closure))
#32 /Users/nhakho/www/nhakho.vn/vendor/laravel/framework/src/Illuminate/Routing/Router.php(635): Illuminate\Routing\Router->runRouteWithinStack(Object(Illuminate\Routing\Route), Object(Illuminate\Http\Request))
#33 /Users/nhakho/www/nhakho.vn/vendor/laravel/framework/src/Illuminate/Routing/Router.php(601): Illuminate\Routing\Router->runRoute(Object(Illuminate\Http\Request), Object(Illuminate\Routing\Route))
#34 /Users/nhakho/www/nhakho.vn/vendor/october/rain/src/Router/CoreRouter.php(20): Illuminate\Routing\Router->dispatchToRoute(Object(Illuminate\Http\Request))
#35 /Users/nhakho/www/nhakho.vn/vendor/laravel/framework/src/Illuminate/Foundation/Http/Kernel.php(176): October\Rain\Router\CoreRouter->dispatch(Object(Illuminate\Http\Request))
#36 /Users/nhakho/www/nhakho.vn/vendor/laravel/framework/src/Illuminate/Routing/Pipeline.php(30): Illuminate\Foundation\Http\Kernel->Illuminate\Foundation\Http\{closure}(Object(Illuminate\Http\Request))
#37 /Users/nhakho/www/nhakho.vn/vendor/laravel/framework/src/Illuminate/Foundation/Http/Middleware/CheckForMaintenanceMode.php(46): Illuminate\Routing\Pipeline->Illuminate\Routing\{closure}(Object(Illuminate\Http\Request))
#38 /Users/nhakho/www/nhakho.vn/vendor/laravel/framework/src/Illuminate/Pipeline/Pipeline.php(149): Illuminate\Foundation\Http\Middleware\CheckForMaintenanceMode->handle(Object(Illuminate\Http\Request), Object(Closure))
#39 /Users/nhakho/www/nhakho.vn/vendor/laravel/framework/src/Illuminate/Routing/Pipeline.php(53): Illuminate\Pipeline\Pipeline->Illuminate\Pipeline\{closure}(Object(Illuminate\Http\Request))
#40 /Users/nhakho/www/nhakho.vn/vendor/laravel/framework/src/Illuminate/Pipeline/Pipeline.php(102): Illuminate\Routing\Pipeline->Illuminate\Routing\{closure}(Object(Illuminate\Http\Request))
#41 /Users/nhakho/www/nhakho.vn/vendor/laravel/framework/src/Illuminate/Foundation/Http/Kernel.php(151): Illuminate\Pipeline\Pipeline->then(Object(Closure))
#42 /Users/nhakho/www/nhakho.vn/vendor/laravel/framework/src/Illuminate/Foundation/Http/Kernel.php(116): Illuminate\Foundation\Http\Kernel->sendRequestThroughRouter(Object(Illuminate\Http\Request))
#43 /Users/nhakho/www/nhakho.vn/index.php(43): Illuminate\Foundation\Http\Kernel->handle(Object(Illuminate\Http\Request))
#44 {main}  
