.====================================================================.
                                                                      
 .d8888b.   .o8888b.   db  .d8888b.  d8888b. d88888b d8888b.  .d888b. 
.8P    Y8. d8P    Y8   88 .8P    Y8. 88  `8D 88'     88  `8D .8P , Y8.
88      88 8P      oooo88 88      88 88oooY' 88oooo  88oobY' 88  |  88
88      88 8b      ~~~~88 88      88 88~~~b. 88~~~~  88`8b   88  |/ 88
`8b    d8' Y8b    d8   88 `8b    d8' 88   8D 88.     88 `88. `8b | d8'
 `Y8888P'   `Y8888P'   YP  `Y8888P'  Y8888P' Y88888P 88   YD  `Y888P' 
                                                                      
`========================== INSTALLATION LOG ========================'

[2018/12/07 01:41:00] Host: Darwin Hoangs-MBP.net.fpt 18.2.0 Darwin Kernel Version 18.2.0: Fri Oct  5 19:41:49 PDT 2018; root:xnu-4903.221.2~2/RELEASE_X86_64 x86_64
[2018/12/07 01:41:00] PHP version: 7.1.19
[2018/12/07 01:41:00] Server software: Apache/2.4.34 (Unix) PHP/7.1.19 mod_perl/2.0.9 Perl/v5.18.2
[2018/12/07 01:41:00] Operating system: Darwin
[2018/12/07 01:41:00] Memory limit: 128M
[2018/12/07 01:41:00] Max execution time: 3600
.============================ POST REQUEST ==========================.
[2018/12/07 01:41:00] Postback payload: Array
(
    [code] => phpVersion
    [handler] => onCheckRequirement
)

[2018/12/07 01:41:00] System check: phpVersion
[2018/12/07 01:41:00] Requirement phpVersion +OK
[2018/12/07 01:41:00] Execute handler (onCheckRequirement): Array
(
    [result] => 1
)

.============================ POST REQUEST ==========================.
[2018/12/07 01:41:01] Postback payload: Array
(
    [code] => curlLibrary
    [handler] => onCheckRequirement
)

[2018/12/07 01:41:01] System check: curlLibrary
[2018/12/07 01:41:01] Requirement curlLibrary +OK
[2018/12/07 01:41:01] Execute handler (onCheckRequirement): Array
(
    [result] => 1
)

.============================ POST REQUEST ==========================.
[2018/12/07 01:41:02] Postback payload: Array
(
    [code] => liveConnection
    [handler] => onCheckRequirement
)

[2018/12/07 01:41:02] System check: liveConnection
[2018/12/07 01:41:02] Server request: ping
[2018/12/07 01:41:02] Request information: Array
(
    [url] => http://octobercms.com/api/ping
    [content_type] => application/json
    [http_code] => 200
    [header_size] => 361
    [request_size] => 167
    [filetime] => -1
    [ssl_verify_result] => 0
    [redirect_count] => 0
    [total_time] => 0.841994
    [namelookup_time] => 0.01727
    [connect_time] => 0.294229
    [pretransfer_time] => 0.294274
    [size_upload] => 36
    [size_download] => 12
    [speed_download] => 14
    [speed_upload] => 42
    [download_content_length] => 12
    [upload_content_length] => 36
    [starttransfer_time] => 0.841927
    [redirect_time] => 0
    [redirect_url] => 
    [primary_ip] => 104.24.113.12
    [certinfo] => Array
        (
        )

    [primary_port] => 80
    [local_ip] => 192.168.1.205
    [local_port] => 50514
)

[2018/12/07 01:41:02] Requirement liveConnection +OK
[2018/12/07 01:41:02] Execute handler (onCheckRequirement): Array
(
    [result] => 1
)

.============================ POST REQUEST ==========================.
[2018/12/07 01:41:03] Postback payload: Array
(
    [code] => writePermission
    [handler] => onCheckRequirement
)

[2018/12/07 01:41:03] System check: writePermission
[2018/12/07 01:41:03] Requirement writePermission +OK
[2018/12/07 01:41:03] Execute handler (onCheckRequirement): Array
(
    [result] => 1
)

